;  LST file generated by mikroListExporter - v.2.0 
; Date/Time: 6/22/2017 2:37:37 PM
;----------------------------------------------

;Address Opcode 	ASM
0x0000	0xF003EFC4  	GOTO        1928
_interrupt:
;trabalho.c,69 :: 		void interrupt(){
0x0008	0xF015C000  	MOVFF       R0, 21
;trabalho.c,70 :: 		if (INTCON.TMR0IF == 1){    // Se o flag de estouro do TIMER0 for igual a 1, então
0x000C	0xA4F2      	BTFSS       INTCON, 2 
0x000E	0xD014      	BRA         L_interrupt0
;trabalho.c,71 :: 		PORTB.RB0 = ~PORTB.RB0;  // Inverte o estado do PORTB.RB0.
0x0010	0x7081      	BTG         PORTB, 0 
;trabalho.c,72 :: 		TMR0L = 0X7B;                  // Carrega valores de contagem
0x0012	0x0E7B      	MOVLW       123
0x0014	0x6ED6      	MOVWF       TMR0L 
;trabalho.c,73 :: 		TMR0H = 0XE1;                  // Carrega valores de contagem
0x0016	0x0EE1      	MOVLW       225
0x0018	0x6ED7      	MOVWF       TMR0H 
;trabalho.c,74 :: 		INTCON.TMR0IF = 0;             // Seta T0IE, apaga flag de entouro do TIMER0
0x001A	0x94F2      	BCF         INTCON, 2 
;trabalho.c,75 :: 		iReg_timer1 = TMR1L*(60/7);    // Pega valor lido do timer1 e multiplica por 60 para saber rotação por minuto.
0x001C	0x0E03      	MOVLW       3
0x001E	0x6E00      	MOVWF       R0 
0x0020	0xF038CFCE  	MOVFF       TMR1L, _iReg_timer1
0x0024	0x0E00      	MOVLW       0
0x0026	0x6E39      	MOVWF       _iReg_timer1+1 
0x0028	0x5000      	MOVF        R0, 0 
L__interrupt12:
0x002A	0xE005      	BZ          L__interrupt13
0x002C	0x3638      	RLCF        _iReg_timer1, 1 
0x002E	0x9038      	BCF         _iReg_timer1, 0 
0x0030	0x3639      	RLCF        _iReg_timer1+1, 1 
0x0032	0x0FFF      	ADDLW       255
0x0034	0xD7FA      	BRA         L__interrupt12
L__interrupt13:
;trabalho.c,77 :: 		TMR1L = 0;                     // Limpa contador.
0x0036	0x6ACE      	CLRF        TMR1L 
;trabalho.c,78 :: 		}
L_interrupt0:
;trabalho.c,79 :: 		}
L_end_interrupt:
L__interrupt11:
0x0038	0xF000C015  	MOVFF       21, R0
0x003C	0x0011      	RETFIE      1
; end of _interrupt
_Delay_5500us:
;__Lib_Delays.c,31 :: 		void Delay_5500us() {
;__Lib_Delays.c,32 :: 		Delay_us(5500);
0x003E	0x0E0F      	MOVLW       15
0x0040	0x6E0C      	MOVWF       R12, 0
0x0042	0x0E47      	MOVLW       71
0x0044	0x6E0D      	MOVWF       R13, 0
L_Delay_5500us5:
0x0046	0x2E0D      	DECFSZ      R13, 1, 0
0x0048	0xD7FE      	BRA         L_Delay_5500us5
0x004A	0x2E0C      	DECFSZ      R12, 1, 0
0x004C	0xD7FC      	BRA         L_Delay_5500us5
0x004E	0x0000      	NOP
0x0050	0x0000      	NOP
;__Lib_Delays.c,33 :: 		}
L_end_Delay_5500us:
0x0052	0x0012      	RETURN      0
; end of _Delay_5500us
_Delay_50us:
;__Lib_Delays.c,19 :: 		void Delay_50us() {
;__Lib_Delays.c,20 :: 		Delay_us(50);
0x0054	0x0E21      	MOVLW       33
0x0056	0x6E0D      	MOVWF       R13, 0
L_Delay_50us2:
0x0058	0x2E0D      	DECFSZ      R13, 1, 0
0x005A	0xD7FE      	BRA         L_Delay_50us2
;__Lib_Delays.c,21 :: 		}
L_end_Delay_50us:
0x005C	0x0012      	RETURN      0
; end of _Delay_50us
_Delay_1us:
;__Lib_Delays.c,7 :: 		void Delay_1us() {
;__Lib_Delays.c,8 :: 		Delay_us(1);
0x005E	0x0000      	NOP
0x0060	0x0000      	NOP
;__Lib_Delays.c,9 :: 		}
L_end_Delay_1us:
0x0062	0x0012      	RETURN      0
; end of _Delay_1us
_FIXSIGN32:
;__Lib_MathDouble.c,117 :: 		
;__Lib_MathDouble.c,121 :: 		
0x0064	0xAE0A      	BTFSS       R10, 7, 0
;__Lib_MathDouble.c,122 :: 		
0x0066	0x9E02      	BCF         R2, 7, 0
;__Lib_MathDouble.c,123 :: 		
0x0068	0x0E00      	MOVLW       0
;__Lib_MathDouble.c,125 :: 		
L_end_FIXSIGN32:
0x006A	0x0012      	RETURN      0
; end of _FIXSIGN32
_RES032:
;__Lib_MathDouble.c,128 :: 		
;__Lib_MathDouble.c,134 :: 		
0x006C	0x6A02      	CLRF        R2, 0
;__Lib_MathDouble.c,135 :: 		
0x006E	0x6A01      	CLRF        R1, 0
;__Lib_MathDouble.c,136 :: 		
0x0070	0x6A00      	CLRF        R0, 0
;__Lib_MathDouble.c,137 :: 		
0x0072	0x6A08      	CLRF        R8, 0
;__Lib_MathDouble.c,138 :: 		
0x0074	0x6A03      	CLRF        R3, 0
;__Lib_MathDouble.c,139 :: 		
0x0076	0x0E00      	MOVLW       0
;__Lib_MathDouble.c,141 :: 		
L_end_RES032:
0x0078	0x0012      	RETURN      0
; end of _RES032
_Lcd_Cmd:
;__Lib_Lcd.c,18 :: 		
;__Lib_Lcd.c,20 :: 		
0x007A	0xBE43      	BTFSC       FARG_Lcd_Cmd_out_char, 7 
0x007C	0xD002      	BRA         L__Lcd_Cmd21
0x007E	0x9E83      	BCF         LCD_D7, BitPos(LCD_D7+0) 
0x0080	0xD001      	BRA         L__Lcd_Cmd22
L__Lcd_Cmd21:
0x0082	0x8E83      	BSF         LCD_D7, BitPos(LCD_D7+0) 
L__Lcd_Cmd22:
;__Lib_Lcd.c,21 :: 		
0x0084	0xBC43      	BTFSC       FARG_Lcd_Cmd_out_char, 6 
0x0086	0xD002      	BRA         L__Lcd_Cmd23
0x0088	0x9C83      	BCF         LCD_D6, BitPos(LCD_D6+0) 
0x008A	0xD001      	BRA         L__Lcd_Cmd24
L__Lcd_Cmd23:
0x008C	0x8C83      	BSF         LCD_D6, BitPos(LCD_D6+0) 
L__Lcd_Cmd24:
;__Lib_Lcd.c,22 :: 		
0x008E	0xBA43      	BTFSC       FARG_Lcd_Cmd_out_char, 5 
0x0090	0xD002      	BRA         L__Lcd_Cmd25
0x0092	0x9A83      	BCF         LCD_D5, BitPos(LCD_D5+0) 
0x0094	0xD001      	BRA         L__Lcd_Cmd26
L__Lcd_Cmd25:
0x0096	0x8A83      	BSF         LCD_D5, BitPos(LCD_D5+0) 
L__Lcd_Cmd26:
;__Lib_Lcd.c,23 :: 		
0x0098	0xB843      	BTFSC       FARG_Lcd_Cmd_out_char, 4 
0x009A	0xD002      	BRA         L__Lcd_Cmd27
0x009C	0x9883      	BCF         LCD_D4, BitPos(LCD_D4+0) 
0x009E	0xD001      	BRA         L__Lcd_Cmd28
L__Lcd_Cmd27:
0x00A0	0x8883      	BSF         LCD_D4, BitPos(LCD_D4+0) 
L__Lcd_Cmd28:
;__Lib_Lcd.c,25 :: 		
0x00A2	0xB03A      	BTFSC       __Lib_Lcd_cmd_status, BitPos(__Lib_Lcd_cmd_status+0) 
0x00A4	0xD002      	BRA         L__Lcd_Cmd29
0x00A6	0x8484      	BSF         LCD_RS, BitPos(LCD_RS+0) 
0x00A8	0xD001      	BRA         L__Lcd_Cmd30
L__Lcd_Cmd29:
0x00AA	0x9484      	BCF         LCD_RS, BitPos(LCD_RS+0) 
L__Lcd_Cmd30:
;__Lib_Lcd.c,28 :: 		
0x00AC	0x8284      	BSF         LCD_EN, BitPos(LCD_EN+0) 
;__Lib_Lcd.c,29 :: 		
0x00AE	0xDFD7      	RCALL       _Delay_1us
;__Lib_Lcd.c,30 :: 		
0x00B0	0x9284      	BCF         LCD_EN, BitPos(LCD_EN+0) 
;__Lib_Lcd.c,33 :: 		
0x00B2	0xB643      	BTFSC       FARG_Lcd_Cmd_out_char, 3 
0x00B4	0xD002      	BRA         L__Lcd_Cmd31
0x00B6	0x9E83      	BCF         LCD_D7, BitPos(LCD_D7+0) 
0x00B8	0xD001      	BRA         L__Lcd_Cmd32
L__Lcd_Cmd31:
0x00BA	0x8E83      	BSF         LCD_D7, BitPos(LCD_D7+0) 
L__Lcd_Cmd32:
;__Lib_Lcd.c,34 :: 		
0x00BC	0xB443      	BTFSC       FARG_Lcd_Cmd_out_char, 2 
0x00BE	0xD002      	BRA         L__Lcd_Cmd33
0x00C0	0x9C83      	BCF         LCD_D6, BitPos(LCD_D6+0) 
0x00C2	0xD001      	BRA         L__Lcd_Cmd34
L__Lcd_Cmd33:
0x00C4	0x8C83      	BSF         LCD_D6, BitPos(LCD_D6+0) 
L__Lcd_Cmd34:
;__Lib_Lcd.c,35 :: 		
0x00C6	0xB243      	BTFSC       FARG_Lcd_Cmd_out_char, 1 
0x00C8	0xD002      	BRA         L__Lcd_Cmd35
0x00CA	0x9A83      	BCF         LCD_D5, BitPos(LCD_D5+0) 
0x00CC	0xD001      	BRA         L__Lcd_Cmd36
L__Lcd_Cmd35:
0x00CE	0x8A83      	BSF         LCD_D5, BitPos(LCD_D5+0) 
L__Lcd_Cmd36:
;__Lib_Lcd.c,36 :: 		
0x00D0	0xB043      	BTFSC       FARG_Lcd_Cmd_out_char, 0 
0x00D2	0xD002      	BRA         L__Lcd_Cmd37
0x00D4	0x9883      	BCF         LCD_D4, BitPos(LCD_D4+0) 
0x00D6	0xD001      	BRA         L__Lcd_Cmd38
L__Lcd_Cmd37:
0x00D8	0x8883      	BSF         LCD_D4, BitPos(LCD_D4+0) 
L__Lcd_Cmd38:
;__Lib_Lcd.c,38 :: 		
0x00DA	0xB03A      	BTFSC       __Lib_Lcd_cmd_status, BitPos(__Lib_Lcd_cmd_status+0) 
0x00DC	0xD002      	BRA         L__Lcd_Cmd39
0x00DE	0x8484      	BSF         LCD_RS, BitPos(LCD_RS+0) 
0x00E0	0xD001      	BRA         L__Lcd_Cmd40
L__Lcd_Cmd39:
0x00E2	0x9484      	BCF         LCD_RS, BitPos(LCD_RS+0) 
L__Lcd_Cmd40:
;__Lib_Lcd.c,40 :: 		
0x00E4	0x8284      	BSF         LCD_EN, BitPos(LCD_EN+0) 
;__Lib_Lcd.c,41 :: 		
0x00E6	0xDFBB      	RCALL       _Delay_1us
;__Lib_Lcd.c,42 :: 		
0x00E8	0x9284      	BCF         LCD_EN, BitPos(LCD_EN+0) 
;__Lib_Lcd.c,44 :: 		
0x00EA	0xA03A      	BTFSS       __Lib_Lcd_cmd_status, BitPos(__Lib_Lcd_cmd_status+0) 
0x00EC	0xD002      	BRA         L_Lcd_Cmd0
;__Lib_Lcd.c,45 :: 		
0x00EE	0xDFA7      	RCALL       _Delay_5500us
0x00F0	0xD001      	BRA         L_Lcd_Cmd1
L_Lcd_Cmd0:
;__Lib_Lcd.c,47 :: 		
0x00F2	0xDFB0      	RCALL       _Delay_50us
L_Lcd_Cmd1:
;__Lib_Lcd.c,48 :: 		
L_end_Lcd_Cmd:
0x00F4	0x0012      	RETURN      0
; end of _Lcd_Cmd
_SETFUN32:
;__Lib_MathDouble.c,144 :: 		
;__Lib_MathDouble.c,152 :: 		
0x00F6	0x840B      	BSF         R11, 2, 0
;__Lib_MathDouble.c,153 :: 		
0x00F8	0xAE0B      	BTFSS       R11, 7, 0
;__Lib_MathDouble.c,154 :: 		
0x00FA	0xF000EF86  	GOTO        SETFUN32EEE
;__Lib_MathDouble.c,156 :: 		
0x00FE	0x0E01      	MOVLW       1
;__Lib_MathDouble.c,157 :: 		
0x0100	0x6E03      	MOVWF       R3, 0
;__Lib_MathDouble.c,158 :: 		
0x0102	0x6A02      	CLRF        R2, 0
;__Lib_MathDouble.c,159 :: 		
0x0104	0x6A01      	CLRF        R1, 0
;__Lib_MathDouble.c,160 :: 		
0x0106	0x6A00      	CLRF        R0, 0
;__Lib_MathDouble.c,161 :: 		
0x0108	0x360A      	RLCF        R10, 1, 0
;__Lib_MathDouble.c,162 :: 		
0x010A	0x3202      	RRCF        R2, 1, 0
;__Lib_MathDouble.c,163 :: 		
SETFUN32EEE:
;__Lib_MathDouble.c,164 :: 		
0x010C	0x0EFF      	MOVLW       255
;__Lib_MathDouble.c,166 :: 		
L_end_SETFUN32:
0x010E	0x0012      	RETURN      0
; end of _SETFUN32
_Lcd_Chr_CP:
;__Lib_Lcd.c,50 :: 		
;__Lib_Lcd.c,52 :: 		
0x0110	0x903A      	BCF         __Lib_Lcd_cmd_status, BitPos(__Lib_Lcd_cmd_status+0) 
;__Lib_Lcd.c,53 :: 		
0x0112	0xF043C042  	MOVFF       FARG_Lcd_Chr_CP_out_char, FARG_Lcd_Cmd_out_char
0x0116	0xDFB1      	RCALL       _Lcd_Cmd
;__Lib_Lcd.c,54 :: 		
0x0118	0x803A      	BSF         __Lib_Lcd_cmd_status, BitPos(__Lib_Lcd_cmd_status+0) 
;__Lib_Lcd.c,55 :: 		
L_end_Lcd_Chr_CP:
0x011A	0x0012      	RETURN      0
; end of _Lcd_Chr_CP
_NRM3232:
;__Lib_MathDouble.c,455 :: 		
;__Lib_MathDouble.c,463 :: 		
0x011C	0x6A0C      	CLRF        R12, 0
;__Lib_MathDouble.c,464 :: 		
0x011E	0x6A0E      	CLRF        R14, 0
;__Lib_MathDouble.c,465 :: 		
0x0120	0x5002      	MOVF        R2, 0, 0
;__Lib_MathDouble.c,466 :: 		
0x0122	0xA4D8      	BTFSS       STATUS, 2, 0
;__Lib_MathDouble.c,467 :: 		
0x0124	0xF000EFA7  	GOTO        NORM3232
;__Lib_MathDouble.c,468 :: 		
0x0128	0xF002C001  	MOVFF       R1, R2
;__Lib_MathDouble.c,469 :: 		
0x012C	0xF001C000  	MOVFF       R0, R1
;__Lib_MathDouble.c,470 :: 		
0x0130	0x6A00      	CLRF        R0, 0
;__Lib_MathDouble.c,471 :: 		
0x0132	0x860E      	BSF         R14, 3, 0
;__Lib_MathDouble.c,473 :: 		
0x0134	0x5002      	MOVF        R2, 0, 0
;__Lib_MathDouble.c,474 :: 		
0x0136	0xA4D8      	BTFSS       STATUS, 2, 0
;__Lib_MathDouble.c,475 :: 		
0x0138	0xF000EFA7  	GOTO        NORM3232
;__Lib_MathDouble.c,476 :: 		
0x013C	0xF002C001  	MOVFF       R1, R2
;__Lib_MathDouble.c,477 :: 		
0x0140	0x6A01      	CLRF        R1, 0
;__Lib_MathDouble.c,478 :: 		
0x0142	0x960E      	BCF         R14, 3, 0
;__Lib_MathDouble.c,479 :: 		
0x0144	0x880E      	BSF         R14, 4, 0
;__Lib_MathDouble.c,481 :: 		
0x0146	0x5002      	MOVF        R2, 0, 0
;__Lib_MathDouble.c,482 :: 		
0x0148	0xB4D8      	BTFSC       STATUS, 2, 0
;__Lib_MathDouble.c,483 :: 		
0x014A	0xF000EFB9  	GOTO        JPNRES032
;__Lib_MathDouble.c,484 :: 		
NORM3232:
;__Lib_MathDouble.c,485 :: 		
0x014E	0x500E      	MOVF        R14, 0, 0
;__Lib_MathDouble.c,486 :: 		
0x0150	0x5E03      	SUBWF       R3, 1, 0
;__Lib_MathDouble.c,487 :: 		
0x0152	0xA4D8      	BTFSS       STATUS, 2, 0
;__Lib_MathDouble.c,488 :: 		
0x0154	0xA0D8      	BTFSS       STATUS, 0, 0
;__Lib_MathDouble.c,489 :: 		
0x0156	0xF000EFBE  	GOTO        JPNSETFUN32
;__Lib_MathDouble.c,490 :: 		
0x015A	0x90D8      	BCF         STATUS, 0, 0
;__Lib_MathDouble.c,491 :: 		
NORM3232A:
;__Lib_MathDouble.c,492 :: 		
0x015C	0xBE02      	BTFSC       R2, 7, 0
;__Lib_MathDouble.c,493 :: 		
0x015E	0xF000EFC3  	GOTO        JMPNFIXSIGN32
;__Lib_MathDouble.c,494 :: 		
0x0162	0x3600      	RLCF        R0, 1, 0
;__Lib_MathDouble.c,495 :: 		
0x0164	0x3601      	RLCF        R1, 1, 0
;__Lib_MathDouble.c,496 :: 		
0x0166	0x3602      	RLCF        R2, 1, 0
;__Lib_MathDouble.c,497 :: 		
0x0168	0x2E03      	DECFSZ      R3, 1, 0
;__Lib_MathDouble.c,498 :: 		
0x016A	0xF000EFAE  	GOTO        NORM3232A
;__Lib_MathDouble.c,499 :: 		
0x016E	0xF000EFBE  	GOTO        JPNSETFUN32
;__Lib_MathDouble.c,500 :: 		
JPNRES032:
;__Lib_MathDouble.c,501 :: 		
0x0172	0x0E01      	MOVLW       1
;__Lib_MathDouble.c,502 :: 		
0x0174	0x6E0C      	MOVWF       R12, 0
;__Lib_MathDouble.c,504 :: 		
0x0176	0xDF7A      	RCALL       _RES032
;__Lib_MathDouble.c,506 :: 		
0x0178	0xF000EFC6  	GOTO        NORM32EEE
;__Lib_MathDouble.c,507 :: 		
JPNSETFUN32:
;__Lib_MathDouble.c,508 :: 		
0x017C	0x0E02      	MOVLW       2
;__Lib_MathDouble.c,509 :: 		
0x017E	0x6E0C      	MOVWF       R12, 0
;__Lib_MathDouble.c,511 :: 		
0x0180	0xDFBA      	RCALL       _SETFUN32
;__Lib_MathDouble.c,513 :: 		
0x0182	0xF000EFC6  	GOTO        NORM32EEE
;__Lib_MathDouble.c,514 :: 		
JMPNFIXSIGN32:
;__Lib_MathDouble.c,515 :: 		
0x0186	0x0E04      	MOVLW       4
;__Lib_MathDouble.c,516 :: 		
0x0188	0x6E0C      	MOVWF       R12, 0
;__Lib_MathDouble.c,518 :: 		
0x018A	0xDF6C      	RCALL       _FIXSIGN32
;__Lib_MathDouble.c,520 :: 		
NORM32EEE:
;__Lib_MathDouble.c,527 :: 		
L_end_NRM3232:
0x018C	0x0012      	RETURN      0
; end of _NRM3232
_Delay_22us:
;__Lib_Delays.c,15 :: 		void Delay_22us() {
;__Lib_Delays.c,16 :: 		Delay_us(22);
0x018E	0x0E0E      	MOVLW       14
0x0190	0x6E0D      	MOVWF       R13, 0
L_Delay_22us1:
0x0192	0x2E0D      	DECFSZ      R13, 1, 0
0x0194	0xD7FE      	BRA         L_Delay_22us1
0x0196	0x0000      	NOP
;__Lib_Delays.c,17 :: 		}
L_end_Delay_22us:
0x0198	0x0012      	RETURN      0
; end of _Delay_22us
_Delay_500us:
;__Lib_Delays.c,27 :: 		void Delay_500us() {
;__Lib_Delays.c,28 :: 		Delay_us(498);
0x019A	0x0E02      	MOVLW       2
0x019C	0x6E0C      	MOVWF       R12, 0
0x019E	0x0E49      	MOVLW       73
0x01A0	0x6E0D      	MOVWF       R13, 0
L_Delay_500us4:
0x01A2	0x2E0D      	DECFSZ      R13, 1, 0
0x01A4	0xD7FE      	BRA         L_Delay_500us4
0x01A6	0x2E0C      	DECFSZ      R12, 1, 0
0x01A8	0xD7FC      	BRA         L_Delay_500us4
0x01AA	0x0000      	NOP
0x01AC	0x0000      	NOP
;__Lib_Delays.c,29 :: 		}
L_end_Delay_500us:
0x01AE	0x0012      	RETURN      0
; end of _Delay_500us
_SETIOV3224:
;__Lib_MathDouble.c,530 :: 		
;__Lib_MathDouble.c,537 :: 		
0x01B0	0x800B      	BSF         R11, 0, 0
;__Lib_MathDouble.c,538 :: 		
0x01B2	0xAE0B      	BTFSS       R11, 7, 0
;__Lib_MathDouble.c,539 :: 		
0x01B4	0xF000EFE4  	GOTO        SETIOV3224EEE
;__Lib_MathDouble.c,541 :: 		
0x01B8	0x6A02      	CLRF        R2, 0
;__Lib_MathDouble.c,542 :: 		
0x01BA	0xAE0A      	BTFSS       R10, 7, 0
;__Lib_MathDouble.c,543 :: 		
0x01BC	0x0EFF      	MOVLW       255
;__Lib_MathDouble.c,544 :: 		
0x01BE	0x6E02      	MOVWF       R2, 0
;__Lib_MathDouble.c,545 :: 		
0x01C0	0x6E01      	MOVWF       R1, 0
;__Lib_MathDouble.c,546 :: 		
0x01C2	0x6E00      	MOVWF       R0, 0
;__Lib_MathDouble.c,547 :: 		
0x01C4	0x360A      	RLCF        R10, 1, 0
;__Lib_MathDouble.c,548 :: 		
0x01C6	0x3202      	RRCF        R2, 1, 0
;__Lib_MathDouble.c,549 :: 		
SETIOV3224EEE:
;__Lib_MathDouble.c,550 :: 		
0x01C8	0x0EFF      	MOVLW       255
;__Lib_MathDouble.c,552 :: 		
L_end_SETIOV3224:
0x01CA	0x0012      	RETURN      0
; end of _SETIOV3224
_Div_16X16_U:
;__Lib_Math.c,102 :: 		
;__Lib_Math.c,109 :: 		
0x01CC	0x6A08      	CLRF        R8, 0
;__Lib_Math.c,110 :: 		
0x01CE	0x6A09      	CLRF        R9, 0
;__Lib_Math.c,111 :: 		
0x01D0	0x0E10      	MOVLW       16
;__Lib_Math.c,112 :: 		
0x01D2	0x6E0C      	MOVWF       R12, 0
;__Lib_Math.c,113 :: 		
0x01D4	0x3401      	RLCF        R1, 0, 0
;__Lib_Math.c,114 :: 		
0x01D6	0x3608      	RLCF        R8, 1, 0
;__Lib_Math.c,115 :: 		
0x01D8	0x3609      	RLCF        R9, 1, 0
;__Lib_Math.c,116 :: 		
0x01DA	0x5004      	MOVF        R4, 0, 0
;__Lib_Math.c,117 :: 		
0x01DC	0x5E08      	SUBWF       R8, 1, 0
;__Lib_Math.c,118 :: 		
0x01DE	0x5005      	MOVF        R5, 0, 0
;__Lib_Math.c,119 :: 		
0x01E0	0xA0D8      	BTFSS       STATUS, 0, 0
;__Lib_Math.c,120 :: 		
0x01E2	0x3C05      	INCFSZ      R5, 0, 0
;__Lib_Math.c,121 :: 		
0x01E4	0x5E09      	SUBWF       R9, 1, 0
;__Lib_Math.c,122 :: 		
0x01E6	0xB0D8      	BTFSC       STATUS, 0, 0
;__Lib_Math.c,123 :: 		
0x01E8	0xD007      	BRA         $+16
;__Lib_Math.c,124 :: 		
0x01EA	0x5004      	MOVF        R4, 0, 0
;__Lib_Math.c,125 :: 		
0x01EC	0x2608      	ADDWF       R8, 1, 0
;__Lib_Math.c,126 :: 		
0x01EE	0x5005      	MOVF        R5, 0, 0
;__Lib_Math.c,127 :: 		
0x01F0	0xB0D8      	BTFSC       STATUS, 0, 0
;__Lib_Math.c,128 :: 		
0x01F2	0x3C05      	INCFSZ      R5, 0, 0
;__Lib_Math.c,129 :: 		
0x01F4	0x2609      	ADDWF       R9, 1, 0
;__Lib_Math.c,130 :: 		
0x01F6	0x90D8      	BCF         STATUS, 0, 0
;__Lib_Math.c,131 :: 		
0x01F8	0x3600      	RLCF        R0, 1, 0
;__Lib_Math.c,132 :: 		
0x01FA	0x3601      	RLCF        R1, 1, 0
;__Lib_Math.c,133 :: 		
0x01FC	0x2E0C      	DECFSZ      R12, 1, 0
;__Lib_Math.c,134 :: 		
0x01FE	0xD7EA      	BRA         $-42
;__Lib_Math.c,136 :: 		
L_end_Div_16X16_U:
0x0200	0x0012      	RETURN      0
; end of _Div_16X16_U
_SETFOV32:
;__Lib_MathDouble.c,82 :: 		
;__Lib_MathDouble.c,90 :: 		
0x0202	0x820B      	BSF         R11, 1, 0
;__Lib_MathDouble.c,91 :: 		
0x0204	0xAE0B      	BTFSS       R11, 7, 0
;__Lib_MathDouble.c,92 :: 		
0x0206	0xF001EF0B  	GOTO        SETFOV32EEE
;__Lib_MathDouble.c,94 :: 		
0x020A	0x6803      	SETF        R3, 0
;__Lib_MathDouble.c,95 :: 		
0x020C	0x6802      	SETF        R2, 0
;__Lib_MathDouble.c,96 :: 		
0x020E	0x6801      	SETF        R1, 0
;__Lib_MathDouble.c,97 :: 		
0x0210	0x6800      	SETF        R0, 0
;__Lib_MathDouble.c,98 :: 		
0x0212	0x360A      	RLCF        R10, 1, 0
;__Lib_MathDouble.c,99 :: 		
0x0214	0x3202      	RRCF        R2, 1, 0
;__Lib_MathDouble.c,100 :: 		
SETFOV32EEE:
;__Lib_MathDouble.c,101 :: 		
0x0216	0x0EFF      	MOVLW       255
;__Lib_MathDouble.c,103 :: 		
L_end_SETFOV32:
0x0218	0x0012      	RETURN      0
; end of _SETFOV32
_Mul_16X16_U:
;__Lib_Math.c,440 :: 		
;__Lib_Math.c,447 :: 		
0x021A	0x6A0B      	CLRF        R11, 0
;__Lib_Math.c,448 :: 		
0x021C	0x6A0A      	CLRF        R10, 0
;__Lib_Math.c,449 :: 		
0x021E	0x6A09      	CLRF        R9, 0
;__Lib_Math.c,450 :: 		
0x0220	0x5000      	MOVF        R0, 0, 0
;__Lib_Math.c,451 :: 		
0x0222	0x0204      	MULWF       R4, 0
;__Lib_Math.c,453 :: 		
0x0224	0xF009CFF4  	MOVFF       PRODH, R9
;__Lib_Math.c,454 :: 		
0x0228	0xF008CFF3  	MOVFF       PRODL, R8
;__Lib_Math.c,455 :: 		
0x022C	0x5001      	MOVF        R1, 0, 0
;__Lib_Math.c,456 :: 		
0x022E	0x0205      	MULWF       R5, 0
;__Lib_Math.c,458 :: 		
0x0230	0xF00BCFF4  	MOVFF       PRODH, R11
;__Lib_Math.c,459 :: 		
0x0234	0xF00ACFF3  	MOVFF       PRODL, R10
;__Lib_Math.c,460 :: 		
0x0238	0x5000      	MOVF        R0, 0, 0
;__Lib_Math.c,461 :: 		
0x023A	0x0205      	MULWF       R5, 0
;__Lib_Math.c,463 :: 		
0x023C	0x50F3      	MOVF        PRODL, 0, 0
;__Lib_Math.c,464 :: 		
0x023E	0x2609      	ADDWF       R9, 1, 0
;__Lib_Math.c,465 :: 		
0x0240	0x50F4      	MOVF        PRODH, 0, 0
;__Lib_Math.c,466 :: 		
0x0242	0x220A      	ADDWFC      R10, 1, 0
;__Lib_Math.c,467 :: 		
0x0244	0x6AE8      	CLRF        WREG, 0
;__Lib_Math.c,468 :: 		
0x0246	0x220B      	ADDWFC      R11, 1, 0
;__Lib_Math.c,469 :: 		
0x0248	0x5001      	MOVF        R1, 0, 0
;__Lib_Math.c,470 :: 		
0x024A	0x0204      	MULWF       R4, 0
;__Lib_Math.c,472 :: 		
0x024C	0x50F3      	MOVF        PRODL, 0, 0
;__Lib_Math.c,473 :: 		
0x024E	0x2609      	ADDWF       R9, 1, 0
;__Lib_Math.c,474 :: 		
0x0250	0x50F4      	MOVF        PRODH, 0, 0
;__Lib_Math.c,475 :: 		
0x0252	0x220A      	ADDWFC      R10, 1, 0
;__Lib_Math.c,476 :: 		
0x0254	0x6AE8      	CLRF        WREG, 0
;__Lib_Math.c,477 :: 		
0x0256	0x220B      	ADDWFC      R11, 1, 0
;__Lib_Math.c,479 :: 		
0x0258	0xF000C008  	MOVFF       R8, R0
;__Lib_Math.c,480 :: 		
0x025C	0xF001C009  	MOVFF       R9, R1
;__Lib_Math.c,481 :: 		
0x0260	0xF002C00A  	MOVFF       R10, R2
;__Lib_Math.c,482 :: 		
0x0264	0xF003C00B  	MOVFF       R11, R3
;__Lib_Math.c,485 :: 		
L_end_Mul_16X16_U:
0x0268	0x0012      	RETURN      0
; end of _Mul_16X16_U
_WordToStr:
;__Lib_Conversions.c,84 :: 		
;__Lib_Conversions.c,89 :: 		
0x026A	0x6A3F      	CLRF        WordToStr_len_L0 
L_WordToStr6:
0x026C	0x0E05      	MOVLW       5
0x026E	0x5C3F      	SUBWF       WordToStr_len_L0, 0 
0x0270	0xE20A      	BC          L_WordToStr7
;__Lib_Conversions.c,90 :: 		
0x0272	0x503F      	MOVF        WordToStr_len_L0, 0 
0x0274	0x243D      	ADDWF       FARG_WordToStr_output, 0 
0x0276	0x6EE1      	MOVWF       FSR1L 
0x0278	0x0E00      	MOVLW       0
0x027A	0x203E      	ADDWFC      FARG_WordToStr_output+1, 0 
0x027C	0x6EE2      	MOVWF       FSR1H 
0x027E	0x0E20      	MOVLW       32
0x0280	0x6EE6      	MOVWF       POSTINC1 
;__Lib_Conversions.c,89 :: 		
0x0282	0x2A3F      	INCF        WordToStr_len_L0, 1 
;__Lib_Conversions.c,90 :: 		
0x0284	0xD7F3      	BRA         L_WordToStr6
L_WordToStr7:
;__Lib_Conversions.c,91 :: 		
0x0286	0x503F      	MOVF        WordToStr_len_L0, 0 
0x0288	0x243D      	ADDWF       FARG_WordToStr_output, 0 
0x028A	0x6EE1      	MOVWF       FSR1L 
0x028C	0x0E00      	MOVLW       0
0x028E	0x203E      	ADDWFC      FARG_WordToStr_output+1, 0 
0x0290	0x6EE2      	MOVWF       FSR1H 
0x0292	0x6AE6      	CLRF        POSTINC1 
0x0294	0x063F      	DECF        WordToStr_len_L0, 1 
;__Lib_Conversions.c,93 :: 		
L_WordToStr9:
;__Lib_Conversions.c,94 :: 		
0x0296	0x503F      	MOVF        WordToStr_len_L0, 0 
0x0298	0x243D      	ADDWF       FARG_WordToStr_output, 0 
0x029A	0x6E40      	MOVWF       FLOC__WordToStr 
0x029C	0x0E00      	MOVLW       0
0x029E	0x203E      	ADDWFC      FARG_WordToStr_output+1, 0 
0x02A0	0x6E41      	MOVWF       FLOC__WordToStr+1 
0x02A2	0x0E0A      	MOVLW       10
0x02A4	0x6E04      	MOVWF       R4 
0x02A6	0x0E00      	MOVLW       0
0x02A8	0x6E05      	MOVWF       R5 
0x02AA	0xF000C03B  	MOVFF       FARG_WordToStr_input, R0
0x02AE	0xF001C03C  	MOVFF       FARG_WordToStr_input+1, R1
0x02B2	0xDF8C      	RCALL       _Div_16X16_U
0x02B4	0xF000C008  	MOVFF       R8, R0
0x02B8	0xF001C009  	MOVFF       R9, R1
0x02BC	0x0E30      	MOVLW       48
0x02BE	0x2600      	ADDWF       R0, 1 
0x02C0	0xFFE1C040  	MOVFF       FLOC__WordToStr, FSR1L
0x02C4	0xFFE2C041  	MOVFF       FLOC__WordToStr+1, FSR1H
0x02C8	0xFFE6C000  	MOVFF       R0, POSTINC1
;__Lib_Conversions.c,95 :: 		
0x02CC	0x0E0A      	MOVLW       10
0x02CE	0x6E04      	MOVWF       R4 
0x02D0	0x0E00      	MOVLW       0
0x02D2	0x6E05      	MOVWF       R5 
0x02D4	0xF000C03B  	MOVFF       FARG_WordToStr_input, R0
0x02D8	0xF001C03C  	MOVFF       FARG_WordToStr_input+1, R1
0x02DC	0xDF77      	RCALL       _Div_16X16_U
0x02DE	0xF03BC000  	MOVFF       R0, FARG_WordToStr_input
0x02E2	0xF03CC001  	MOVFF       R1, FARG_WordToStr_input+1
;__Lib_Conversions.c,96 :: 		
0x02E6	0x0E00      	MOVLW       0
0x02E8	0x1801      	XORWF       R1, 0 
0x02EA	0xE102      	BNZ         L__WordToStr109
0x02EC	0x0E00      	MOVLW       0
0x02EE	0x1800      	XORWF       R0, 0 
L__WordToStr109:
0x02F0	0xE101      	BNZ         L_WordToStr11
;__Lib_Conversions.c,97 :: 		
0x02F2	0xD002      	BRA         L_WordToStr10
L_WordToStr11:
;__Lib_Conversions.c,98 :: 		
0x02F4	0x063F      	DECF        WordToStr_len_L0, 1 
;__Lib_Conversions.c,99 :: 		
0x02F6	0xD7CF      	BRA         L_WordToStr9
L_WordToStr10:
;__Lib_Conversions.c,100 :: 		
L_end_WordToStr:
0x02F8	0x0012      	RETURN      0
; end of _WordToStr
_Lcd_Init:
;__Lib_Lcd.c,84 :: 		
;__Lib_Lcd.c,86 :: 		
0x02FA	0x9296      	BCF         LCD_EN_Direction, BitPos(LCD_EN_Direction+0) 
;__Lib_Lcd.c,87 :: 		
0x02FC	0x9496      	BCF         LCD_RS_Direction, BitPos(LCD_RS_Direction+0) 
;__Lib_Lcd.c,88 :: 		
0x02FE	0x9895      	BCF         LCD_D4_Direction, BitPos(LCD_D4_Direction+0) 
;__Lib_Lcd.c,89 :: 		
0x0300	0x9A95      	BCF         LCD_D5_Direction, BitPos(LCD_D5_Direction+0) 
;__Lib_Lcd.c,90 :: 		
0x0302	0x9C95      	BCF         LCD_D6_Direction, BitPos(LCD_D6_Direction+0) 
;__Lib_Lcd.c,91 :: 		
0x0304	0x9E95      	BCF         LCD_D7_Direction, BitPos(LCD_D7_Direction+0) 
;__Lib_Lcd.c,93 :: 		
0x0306	0x9284      	BCF         LCD_EN, BitPos(LCD_EN+0) 
;__Lib_Lcd.c,94 :: 		
0x0308	0x9484      	BCF         LCD_RS, BitPos(LCD_RS+0) 
;__Lib_Lcd.c,95 :: 		
0x030A	0x9E83      	BCF         LCD_D7, BitPos(LCD_D7+0) 
;__Lib_Lcd.c,96 :: 		
0x030C	0x9C83      	BCF         LCD_D6, BitPos(LCD_D6+0) 
;__Lib_Lcd.c,97 :: 		
0x030E	0x9A83      	BCF         LCD_D5, BitPos(LCD_D5+0) 
;__Lib_Lcd.c,98 :: 		
0x0310	0x9883      	BCF         LCD_D4, BitPos(LCD_D4+0) 
;__Lib_Lcd.c,100 :: 		
0x0312	0xDE95      	RCALL       _Delay_5500us
;__Lib_Lcd.c,101 :: 		
0x0314	0xDE94      	RCALL       _Delay_5500us
;__Lib_Lcd.c,102 :: 		
0x0316	0xDE93      	RCALL       _Delay_5500us
;__Lib_Lcd.c,105 :: 		
0x0318	0x8A83      	BSF         LCD_D5, BitPos(LCD_D5+0) 
;__Lib_Lcd.c,106 :: 		
0x031A	0x8883      	BSF         LCD_D4, BitPos(LCD_D4+0) 
;__Lib_Lcd.c,107 :: 		
0x031C	0x8284      	BSF         LCD_EN, BitPos(LCD_EN+0) 
;__Lib_Lcd.c,108 :: 		
0x031E	0xDE9F      	RCALL       _Delay_1us
;__Lib_Lcd.c,109 :: 		
0x0320	0x9284      	BCF         LCD_EN, BitPos(LCD_EN+0) 
;__Lib_Lcd.c,110 :: 		
0x0322	0xDE8D      	RCALL       _Delay_5500us
;__Lib_Lcd.c,112 :: 		
0x0324	0x8284      	BSF         LCD_EN, BitPos(LCD_EN+0) 
;__Lib_Lcd.c,113 :: 		
0x0326	0xDE9B      	RCALL       _Delay_1us
;__Lib_Lcd.c,114 :: 		
0x0328	0x9284      	BCF         LCD_EN, BitPos(LCD_EN+0) 
;__Lib_Lcd.c,115 :: 		
0x032A	0xDE89      	RCALL       _Delay_5500us
;__Lib_Lcd.c,117 :: 		
0x032C	0x8284      	BSF         LCD_EN, BitPos(LCD_EN+0) 
;__Lib_Lcd.c,118 :: 		
0x032E	0xDE97      	RCALL       _Delay_1us
;__Lib_Lcd.c,119 :: 		
0x0330	0x9284      	BCF         LCD_EN, BitPos(LCD_EN+0) 
;__Lib_Lcd.c,120 :: 		
0x0332	0xDE85      	RCALL       _Delay_5500us
;__Lib_Lcd.c,123 :: 		
0x0334	0x9883      	BCF         LCD_D4, BitPos(LCD_D4+0) 
;__Lib_Lcd.c,124 :: 		
0x0336	0x8284      	BSF         LCD_EN, BitPos(LCD_EN+0) 
;__Lib_Lcd.c,125 :: 		
0x0338	0xDE92      	RCALL       _Delay_1us
;__Lib_Lcd.c,126 :: 		
0x033A	0x9284      	BCF         LCD_EN, BitPos(LCD_EN+0) 
;__Lib_Lcd.c,127 :: 		
0x033C	0xDE80      	RCALL       _Delay_5500us
;__Lib_Lcd.c,130 :: 		
0x033E	0x8284      	BSF         LCD_EN, BitPos(LCD_EN+0) 
;__Lib_Lcd.c,131 :: 		
0x0340	0xDE8E      	RCALL       _Delay_1us
;__Lib_Lcd.c,132 :: 		
0x0342	0x9284      	BCF         LCD_EN, BitPos(LCD_EN+0) 
;__Lib_Lcd.c,134 :: 		
0x0344	0x9A83      	BCF         LCD_D5, BitPos(LCD_D5+0) 
;__Lib_Lcd.c,135 :: 		
0x0346	0x8E83      	BSF         LCD_D7, BitPos(LCD_D7+0) 
;__Lib_Lcd.c,136 :: 		
0x0348	0x8284      	BSF         LCD_EN, BitPos(LCD_EN+0) 
;__Lib_Lcd.c,137 :: 		
0x034A	0xDE89      	RCALL       _Delay_1us
;__Lib_Lcd.c,138 :: 		
0x034C	0x9284      	BCF         LCD_EN, BitPos(LCD_EN+0) 
;__Lib_Lcd.c,139 :: 		
0x034E	0xDE77      	RCALL       _Delay_5500us
;__Lib_Lcd.c,142 :: 		
0x0350	0x9E83      	BCF         LCD_D7, BitPos(LCD_D7+0) 
;__Lib_Lcd.c,143 :: 		
0x0352	0x8883      	BSF         LCD_D4, BitPos(LCD_D4+0) 
;__Lib_Lcd.c,144 :: 		
0x0354	0x8284      	BSF         LCD_EN, BitPos(LCD_EN+0) 
;__Lib_Lcd.c,145 :: 		
0x0356	0xDE83      	RCALL       _Delay_1us
;__Lib_Lcd.c,146 :: 		
0x0358	0x9284      	BCF         LCD_EN, BitPos(LCD_EN+0) 
;__Lib_Lcd.c,148 :: 		
0x035A	0x9883      	BCF         LCD_D4, BitPos(LCD_D4+0) 
;__Lib_Lcd.c,149 :: 		
0x035C	0x8284      	BSF         LCD_EN, BitPos(LCD_EN+0) 
;__Lib_Lcd.c,150 :: 		
0x035E	0xDE7F      	RCALL       _Delay_1us
;__Lib_Lcd.c,151 :: 		
0x0360	0x9284      	BCF         LCD_EN, BitPos(LCD_EN+0) 
;__Lib_Lcd.c,152 :: 		
0x0362	0xDE6D      	RCALL       _Delay_5500us
;__Lib_Lcd.c,155 :: 		
0x0364	0x8284      	BSF         LCD_EN, BitPos(LCD_EN+0) 
;__Lib_Lcd.c,156 :: 		
0x0366	0xDE7B      	RCALL       _Delay_1us
;__Lib_Lcd.c,157 :: 		
0x0368	0x9284      	BCF         LCD_EN, BitPos(LCD_EN+0) 
;__Lib_Lcd.c,159 :: 		
0x036A	0x8883      	BSF         LCD_D4, BitPos(LCD_D4+0) 
;__Lib_Lcd.c,160 :: 		
0x036C	0x8284      	BSF         LCD_EN, BitPos(LCD_EN+0) 
;__Lib_Lcd.c,161 :: 		
0x036E	0xDE77      	RCALL       _Delay_1us
;__Lib_Lcd.c,162 :: 		
0x0370	0x9284      	BCF         LCD_EN, BitPos(LCD_EN+0) 
;__Lib_Lcd.c,163 :: 		
0x0372	0xDE65      	RCALL       _Delay_5500us
;__Lib_Lcd.c,166 :: 		
0x0374	0x9883      	BCF         LCD_D4, BitPos(LCD_D4+0) 
;__Lib_Lcd.c,167 :: 		
0x0376	0x8284      	BSF         LCD_EN, BitPos(LCD_EN+0) 
;__Lib_Lcd.c,168 :: 		
0x0378	0xDE72      	RCALL       _Delay_1us
;__Lib_Lcd.c,169 :: 		
0x037A	0x9284      	BCF         LCD_EN, BitPos(LCD_EN+0) 
;__Lib_Lcd.c,171 :: 		
0x037C	0x8E83      	BSF         LCD_D7, BitPos(LCD_D7+0) 
;__Lib_Lcd.c,172 :: 		
0x037E	0x8C83      	BSF         LCD_D6, BitPos(LCD_D6+0) 
;__Lib_Lcd.c,173 :: 		
0x0380	0x8A83      	BSF         LCD_D5, BitPos(LCD_D5+0) 
;__Lib_Lcd.c,174 :: 		
0x0382	0x8883      	BSF         LCD_D4, BitPos(LCD_D4+0) 
;__Lib_Lcd.c,175 :: 		
0x0384	0x8284      	BSF         LCD_EN, BitPos(LCD_EN+0) 
;__Lib_Lcd.c,176 :: 		
0x0386	0xDE6B      	RCALL       _Delay_1us
;__Lib_Lcd.c,177 :: 		
0x0388	0x9284      	BCF         LCD_EN, BitPos(LCD_EN+0) 
;__Lib_Lcd.c,179 :: 		
0x038A	0xDE59      	RCALL       _Delay_5500us
;__Lib_Lcd.c,181 :: 		
0x038C	0x803A      	BSF         __Lib_Lcd_cmd_status, BitPos(__Lib_Lcd_cmd_status+0) 
;__Lib_Lcd.c,182 :: 		
L_end_Lcd_Init:
0x038E	0x0012      	RETURN      0
; end of _Lcd_Init
___CC2DW:
;__Lib_System.c,21 :: 		
;__Lib_System.c,23 :: 		
_CC2DL_Loop1:
;__Lib_System.c,24 :: 		
0x0390	0x0009      	TBLRD*+
;__Lib_System.c,25 :: 		
0x0392	0xFFE6CFF5  	MOVFF       TABLAT, POSTINC1
;__Lib_System.c,26 :: 		
0x0396	0x0600      	DECF        R0, 1, 0
;__Lib_System.c,27 :: 		
0x0398	0xE1FB      	BNZ         _CC2DL_Loop1
;__Lib_System.c,28 :: 		
0x039A	0x0601      	DECF        R1, 1, 0
;__Lib_System.c,29 :: 		
0x039C	0xE1F9      	BNZ         _CC2DL_Loop1
;__Lib_System.c,31 :: 		
L_end___CC2DW:
0x039E	0x0012      	RETURN      0
; end of ___CC2DW
_Lcd_Out_CP:
;__Lib_Lcd.c,57 :: 		
;__Lib_Lcd.c,59 :: 		
0x03A0	0x6A3D      	CLRF        Lcd_Out_CP_i_L0 
;__Lib_Lcd.c,60 :: 		
L_Lcd_Out_CP2:
0x03A2	0x503D      	MOVF        Lcd_Out_CP_i_L0, 0 
0x03A4	0x243B      	ADDWF       FARG_Lcd_Out_CP_text, 0 
0x03A6	0x6EE9      	MOVWF       FSR0L 
0x03A8	0x0E00      	MOVLW       0
0x03AA	0x203C      	ADDWFC      FARG_Lcd_Out_CP_text+1, 0 
0x03AC	0x6EEA      	MOVWF       FSR0H 
0x03AE	0x52EE      	MOVF        POSTINC0, 1 
0x03B0	0xE00B      	BZ          L_Lcd_Out_CP3
;__Lib_Lcd.c,61 :: 		
0x03B2	0x503D      	MOVF        Lcd_Out_CP_i_L0, 0 
0x03B4	0x243B      	ADDWF       FARG_Lcd_Out_CP_text, 0 
0x03B6	0x6EE9      	MOVWF       FSR0L 
0x03B8	0x0E00      	MOVLW       0
0x03BA	0x203C      	ADDWFC      FARG_Lcd_Out_CP_text+1, 0 
0x03BC	0x6EEA      	MOVWF       FSR0H 
0x03BE	0xF042CFEE  	MOVFF       POSTINC0, FARG_Lcd_Chr_CP_out_char
0x03C2	0xDEA6      	RCALL       _Lcd_Chr_CP
0x03C4	0x2A3D      	INCF        Lcd_Out_CP_i_L0, 1 
;__Lib_Lcd.c,62 :: 		
0x03C6	0xD7ED      	BRA         L_Lcd_Out_CP2
L_Lcd_Out_CP3:
;__Lib_Lcd.c,63 :: 		
L_end_Lcd_Out_CP:
0x03C8	0x0012      	RETURN      0
; end of _Lcd_Out_CP
_Lcd_Out:
;__Lib_Lcd.c,184 :: 		
;__Lib_Lcd.c,187 :: 		
0x03CA	0xD00F      	BRA         L_Lcd_Out11
;__Lib_Lcd.c,188 :: 		
L_Lcd_Out13:
0x03CC	0x0E80      	MOVLW       128
0x03CE	0x6E3B      	MOVWF       FARG_Lcd_Out_row 
0x03D0	0xD019      	BRA         L_Lcd_Out12
;__Lib_Lcd.c,189 :: 		
L_Lcd_Out14:
0x03D2	0x0EC0      	MOVLW       192
0x03D4	0x6E3B      	MOVWF       FARG_Lcd_Out_row 
0x03D6	0xD016      	BRA         L_Lcd_Out12
;__Lib_Lcd.c,190 :: 		
L_Lcd_Out15:
0x03D8	0x0E94      	MOVLW       148
0x03DA	0x6E3B      	MOVWF       FARG_Lcd_Out_row 
0x03DC	0xD013      	BRA         L_Lcd_Out12
;__Lib_Lcd.c,191 :: 		
L_Lcd_Out16:
0x03DE	0x0ED4      	MOVLW       212
0x03E0	0x6E3B      	MOVWF       FARG_Lcd_Out_row 
0x03E2	0xD010      	BRA         L_Lcd_Out12
;__Lib_Lcd.c,192 :: 		
L_Lcd_Out17:
0x03E4	0x0E80      	MOVLW       128
0x03E6	0x6E3B      	MOVWF       FARG_Lcd_Out_row 
;__Lib_Lcd.c,193 :: 		
0x03E8	0xD00D      	BRA         L_Lcd_Out12
L_Lcd_Out11:
0x03EA	0x503B      	MOVF        FARG_Lcd_Out_row, 0 
0x03EC	0x0A01      	XORLW       1
0x03EE	0xE0EE      	BZ          L_Lcd_Out13
0x03F0	0x503B      	MOVF        FARG_Lcd_Out_row, 0 
0x03F2	0x0A02      	XORLW       2
0x03F4	0xE0EE      	BZ          L_Lcd_Out14
0x03F6	0x503B      	MOVF        FARG_Lcd_Out_row, 0 
0x03F8	0x0A03      	XORLW       3
0x03FA	0xE0EE      	BZ          L_Lcd_Out15
0x03FC	0x503B      	MOVF        FARG_Lcd_Out_row, 0 
0x03FE	0x0A04      	XORLW       4
0x0400	0xE0EE      	BZ          L_Lcd_Out16
0x0402	0xD7F0      	BRA         L_Lcd_Out17
L_Lcd_Out12:
;__Lib_Lcd.c,194 :: 		
0x0404	0x043C      	DECF        FARG_Lcd_Out_column, 0 
0x0406	0x6E00      	MOVWF       R0 
0x0408	0x503B      	MOVF        FARG_Lcd_Out_row, 0 
0x040A	0x2600      	ADDWF       R0, 1 
0x040C	0xF03BC000  	MOVFF       R0, FARG_Lcd_Out_row
;__Lib_Lcd.c,196 :: 		
0x0410	0xF043C000  	MOVFF       R0, FARG_Lcd_Cmd_out_char
0x0414	0xDE32      	RCALL       _Lcd_Cmd
;__Lib_Lcd.c,197 :: 		
0x0416	0x903A      	BCF         __Lib_Lcd_cmd_status, BitPos(__Lib_Lcd_cmd_status+0) 
;__Lib_Lcd.c,198 :: 		
0x0418	0x6A3F      	CLRF        Lcd_Out_i_L0 
;__Lib_Lcd.c,199 :: 		
L_Lcd_Out18:
0x041A	0x503F      	MOVF        Lcd_Out_i_L0, 0 
0x041C	0x243D      	ADDWF       FARG_Lcd_Out_text, 0 
0x041E	0x6EE9      	MOVWF       FSR0L 
0x0420	0x0E00      	MOVLW       0
0x0422	0x203E      	ADDWFC      FARG_Lcd_Out_text+1, 0 
0x0424	0x6EEA      	MOVWF       FSR0H 
0x0426	0x52EE      	MOVF        POSTINC0, 1 
0x0428	0xE00B      	BZ          L_Lcd_Out19
;__Lib_Lcd.c,200 :: 		
0x042A	0x503F      	MOVF        Lcd_Out_i_L0, 0 
0x042C	0x243D      	ADDWF       FARG_Lcd_Out_text, 0 
0x042E	0x6EE9      	MOVWF       FSR0L 
0x0430	0x0E00      	MOVLW       0
0x0432	0x203E      	ADDWFC      FARG_Lcd_Out_text+1, 0 
0x0434	0x6EEA      	MOVWF       FSR0H 
0x0436	0xF042CFEE  	MOVFF       POSTINC0, FARG_Lcd_Chr_CP_out_char
0x043A	0xDE6A      	RCALL       _Lcd_Chr_CP
0x043C	0x2A3F      	INCF        Lcd_Out_i_L0, 1 
0x043E	0xD7ED      	BRA         L_Lcd_Out18
L_Lcd_Out19:
;__Lib_Lcd.c,201 :: 		
0x0440	0x803A      	BSF         __Lib_Lcd_cmd_status, BitPos(__Lib_Lcd_cmd_status+0) 
;__Lib_Lcd.c,202 :: 		
L_end_Lcd_Out:
0x0442	0x0012      	RETURN      0
; end of _Lcd_Out
_Button:
;__Lib_Button.c,6 :: 		
;__Lib_Button.c,8 :: 		
0x0444	0x6A41      	CLRF        Button_rslt_L0 
;__Lib_Button.c,11 :: 		
0x0446	0xF001C03D  	MOVFF       FARG_Button_pin, R1
0x044A	0x0E01      	MOVLW       1
0x044C	0x6E00      	MOVWF       R0 
0x044E	0x5001      	MOVF        R1, 0 
L__Button5:
0x0450	0xE004      	BZ          L__Button6
0x0452	0x3600      	RLCF        R0, 1 
0x0454	0x9000      	BCF         R0, 0 
0x0456	0x0FFF      	ADDLW       255
0x0458	0xD7FB      	BRA         L__Button5
L__Button6:
0x045A	0xF040C000  	MOVFF       R0, Button_pMask_L0
;__Lib_Button.c,13 :: 		
0x045E	0xFFE9C03B  	MOVFF       FARG_Button_port, FSR0L
0x0462	0xFFEAC03C  	MOVFF       FARG_Button_port+1, FSR0H
0x0466	0x5000      	MOVF        R0, 0 
0x0468	0x14EE      	ANDWF       POSTINC0, 0 
0x046A	0x6E01      	MOVWF       R1 
0x046C	0x5201      	MOVF        R1, 1 
0x046E	0x0E01      	MOVLW       1
0x0470	0xA4D8      	BTFSS       STATUS, 2 
0x0472	0x0E00      	MOVLW       0
0x0474	0x6E00      	MOVWF       R0 
0x0476	0x503F      	MOVF        FARG_Button_active_state, 0 
0x0478	0x1A00      	XORWF       R0, 1 
0x047A	0xE018      	BZ          L_Button0
;__Lib_Button.c,15 :: 		
L_Button1:
0x047C	0x503E      	MOVF        FARG_Button_time_ms, 0 
0x047E	0x0800      	SUBLW       0
0x0480	0xE204      	BC          L_Button2
;__Lib_Button.c,16 :: 		
0x0482	0xDE8B      	RCALL       _Delay_500us
;__Lib_Button.c,17 :: 		
0x0484	0xDE8A      	RCALL       _Delay_500us
;__Lib_Button.c,18 :: 		
0x0486	0x063E      	DECF        FARG_Button_time_ms, 1 
;__Lib_Button.c,19 :: 		
0x0488	0xD7F9      	BRA         L_Button1
L_Button2:
;__Lib_Button.c,21 :: 		
0x048A	0xFFE9C03B  	MOVFF       FARG_Button_port, FSR0L
0x048E	0xFFEAC03C  	MOVFF       FARG_Button_port+1, FSR0H
0x0492	0x5040      	MOVF        Button_pMask_L0, 0 
0x0494	0x14EE      	ANDWF       POSTINC0, 0 
0x0496	0x6E01      	MOVWF       R1 
0x0498	0x5201      	MOVF        R1, 1 
0x049A	0x0E01      	MOVLW       1
0x049C	0xA4D8      	BTFSS       STATUS, 2 
0x049E	0x0E00      	MOVLW       0
0x04A0	0x6E00      	MOVWF       R0 
0x04A2	0x503F      	MOVF        FARG_Button_active_state, 0 
0x04A4	0x1A00      	XORWF       R0, 1 
0x04A6	0xE002      	BZ          L_Button3
;__Lib_Button.c,22 :: 		
0x04A8	0x0EFF      	MOVLW       255
0x04AA	0x6E41      	MOVWF       Button_rslt_L0 
L_Button3:
;__Lib_Button.c,23 :: 		
L_Button0:
;__Lib_Button.c,25 :: 		
0x04AC	0xF000C041  	MOVFF       Button_rslt_L0, R0
;__Lib_Button.c,26 :: 		
L_end_Button:
0x04B0	0x0012      	RETURN      0
; end of _Button
_double2word:
;__Lib_MathDouble.c,2023 :: 		
;__Lib_MathDouble.c,2032 :: 		
0x04B2	0x6A0B      	CLRF        R11, 0
;__Lib_MathDouble.c,2033 :: 		
0x04B4	0x6A0C      	CLRF        R12, 0
;__Lib_MathDouble.c,2034 :: 		
0x04B6	0x6A0A      	CLRF        R10, 0
;__Lib_MathDouble.c,2036 :: 		
0x04B8	0x5003      	MOVF        R3, 0, 0
;__Lib_MathDouble.c,2037 :: 		
0x04BA	0xB4D8      	BTFSC       STATUS, 2, 0
;__Lib_MathDouble.c,2038 :: 		
0x04BC	0xF002EFA3  	GOTO        IRES016U
;__Lib_MathDouble.c,2040 :: 		
0x04C0	0x8E02      	BSF         R2, 7, 0
;__Lib_MathDouble.c,2042 :: 		
0x04C2	0x0E8E      	MOVLW       142
;__Lib_MathDouble.c,2043 :: 		
0x04C4	0x5E03      	SUBWF       R3, 1, 0
;__Lib_MathDouble.c,2044 :: 		
0x04C6	0xBE03      	BTFSC       R3, 7, 0
;__Lib_MathDouble.c,2045 :: 		
0x04C8	0xF002EF6B  	GOTO        SETEXP16U
;__Lib_MathDouble.c,2046 :: 		
0x04CC	0xB4D8      	BTFSC       STATUS, 2, 0
;__Lib_MathDouble.c,2047 :: 		
0x04CE	0xF002EF6B  	GOTO        SETEXP16U
;__Lib_MathDouble.c,2048 :: 		
0x04D2	0xF002EFA7  	GOTO        SETIOV16U
;__Lib_MathDouble.c,2049 :: 		
SETEXP16U:
;__Lib_MathDouble.c,2050 :: 		
0x04D6	0x6C03      	NEGF        R3, 0
;__Lib_MathDouble.c,2052 :: 		
0x04D8	0x0E08      	MOVLW       8
;__Lib_MathDouble.c,2053 :: 		
0x04DA	0x5C03      	SUBWF       R3, 0, 0
;__Lib_MathDouble.c,2054 :: 		
0x04DC	0xA0D8      	BTFSS       STATUS, 0, 0
;__Lib_MathDouble.c,2055 :: 		
0x04DE	0xF002EF82  	GOTO        TSHIFT3216U
;__Lib_MathDouble.c,2056 :: 		
0x04E2	0x6E03      	MOVWF       R3, 0
;__Lib_MathDouble.c,2057 :: 		
0x04E4	0x3601      	RLCF        R1, 1, 0
;__Lib_MathDouble.c,2058 :: 		
0x04E6	0xF001C002  	MOVFF       R2, R1
;__Lib_MathDouble.c,2059 :: 		
0x04EA	0x6A02      	CLRF        R2, 0
;__Lib_MathDouble.c,2061 :: 		
0x04EC	0x0E08      	MOVLW       8
;__Lib_MathDouble.c,2062 :: 		
0x04EE	0x5C03      	SUBWF       R3, 0, 0
;__Lib_MathDouble.c,2063 :: 		
0x04F0	0xA0D8      	BTFSS       STATUS, 0, 0
;__Lib_MathDouble.c,2064 :: 		
0x04F2	0xF002EF82  	GOTO        TSHIFT3216U
;__Lib_MathDouble.c,2065 :: 		
0x04F6	0x3601      	RLCF        R1, 1, 0
;__Lib_MathDouble.c,2066 :: 		
0x04F8	0x6A01      	CLRF        R1, 0
;__Lib_MathDouble.c,2068 :: 		
0x04FA	0x5003      	MOVF        R3, 0, 0
;__Lib_MathDouble.c,2069 :: 		
0x04FC	0xA4D8      	BTFSS       STATUS, 2, 0
;__Lib_MathDouble.c,2070 :: 		
0x04FE	0x90D8      	BCF         STATUS, 0, 0
;__Lib_MathDouble.c,2071 :: 		
0x0500	0xF002EF8C  	GOTO        SHIFT3216UOK
;__Lib_MathDouble.c,2072 :: 		
TSHIFT3216U:
;__Lib_MathDouble.c,2073 :: 		
0x0504	0x5003      	MOVF        R3, 0, 0
;__Lib_MathDouble.c,2074 :: 		
0x0506	0xB4D8      	BTFSC       STATUS, 2, 0
;__Lib_MathDouble.c,2075 :: 		
0x0508	0xF002EF8C  	GOTO        SHIFT3216UOK
;__Lib_MathDouble.c,2076 :: 		
SHIFT3216U:
;__Lib_MathDouble.c,2077 :: 		
0x050C	0x90D8      	BCF         STATUS, 0, 0
;__Lib_MathDouble.c,2078 :: 		
0x050E	0x3202      	RRCF        R2, 1, 0
;__Lib_MathDouble.c,2079 :: 		
0x0510	0x3201      	RRCF        R1, 1, 0
;__Lib_MathDouble.c,2080 :: 		
0x0512	0x2E03      	DECFSZ      R3, 1, 0
;__Lib_MathDouble.c,2081 :: 		
0x0514	0xF002EF86  	GOTO        SHIFT3216U
;__Lib_MathDouble.c,2082 :: 		
SHIFT3216UOK:
;__Lib_MathDouble.c,2083 :: 		
0x0518	0xBC0B      	BTFSC       R11, 6, 0
;__Lib_MathDouble.c,2084 :: 		
0x051A	0xA001      	BTFSS       R1, 0, 0
;__Lib_MathDouble.c,2085 :: 		
0x051C	0xF002EF99  	GOTO        INT3216UOK
;__Lib_MathDouble.c,2086 :: 		
0x0520	0xA0D8      	BTFSS       STATUS, 0, 0
;__Lib_MathDouble.c,2087 :: 		
0x0522	0xF002EF99  	GOTO        INT3216UOK
;__Lib_MathDouble.c,2088 :: 		
0x0526	0x2A01      	INCF        R1, 1, 0
;__Lib_MathDouble.c,2089 :: 		
0x0528	0xB4D8      	BTFSC       STATUS, 2, 0
;__Lib_MathDouble.c,2090 :: 		
0x052A	0x2A02      	INCF        R2, 1, 0
;__Lib_MathDouble.c,2091 :: 		
0x052C	0xBE02      	BTFSC       R2, 7, 0
;__Lib_MathDouble.c,2092 :: 		
0x052E	0xF002EFB6  	GOTO        JPKSETIOV3224
;__Lib_MathDouble.c,2093 :: 		
INT3216UOK:
;__Lib_MathDouble.c,2094 :: 		
0x0532	0xAE0A      	BTFSS       R10, 7, 0
;__Lib_MathDouble.c,2095 :: 		
0x0534	0xF002EFBB  	GOTO        INT3216UEOK
;__Lib_MathDouble.c,2097 :: 		
0x0538	0x1E02      	COMF        R2, 1, 0
;__Lib_MathDouble.c,2098 :: 		
0x053A	0x1E01      	COMF        R1, 1, 0
;__Lib_MathDouble.c,2099 :: 		
0x053C	0x2A01      	INCF        R1, 1, 0
;__Lib_MathDouble.c,2100 :: 		
0x053E	0xB4D8      	BTFSC       STATUS, 2, 0
;__Lib_MathDouble.c,2101 :: 		
0x0540	0x2A02      	INCF        R2, 1, 0
;__Lib_MathDouble.c,2102 :: 		
0x0542	0xF002EFBB  	GOTO        INT3216UEOK
;__Lib_MathDouble.c,2104 :: 		
IRES016U:
;__Lib_MathDouble.c,2105 :: 		
0x0546	0x6A02      	CLRF        R2, 0
;__Lib_MathDouble.c,2106 :: 		
0x0548	0x6A01      	CLRF        R1, 0
;__Lib_MathDouble.c,2107 :: 		
0x054A	0xF002EFBB  	GOTO        INT3216UEOK
;__Lib_MathDouble.c,2108 :: 		
SETIOV16U:
;__Lib_MathDouble.c,2109 :: 		
0x054E	0x800B      	BSF         R11, 0, 0
;__Lib_MathDouble.c,2110 :: 		
0x0550	0xAE0B      	BTFSS       R11, 7, 0
;__Lib_MathDouble.c,2111 :: 		
0x0552	0xF002EFBF  	GOTO        INT3216UEER
;__Lib_MathDouble.c,2113 :: 		
0x0556	0x6A02      	CLRF        R2, 0
;__Lib_MathDouble.c,2114 :: 		
0x0558	0xAE0A      	BTFSS       R10, 7, 0
;__Lib_MathDouble.c,2115 :: 		
0x055A	0xF002EFBF  	GOTO        INT3216UEER
;__Lib_MathDouble.c,2116 :: 		
0x055E	0x0EFF      	MOVLW       255
;__Lib_MathDouble.c,2117 :: 		
0x0560	0x6E02      	MOVWF       R2, 0
;__Lib_MathDouble.c,2118 :: 		
0x0562	0x6E01      	MOVWF       R1, 0
;__Lib_MathDouble.c,2119 :: 		
0x0564	0x360A      	RLCF        R10, 1, 0
;__Lib_MathDouble.c,2120 :: 		
0x0566	0x3202      	RRCF        R2, 1, 0
;__Lib_MathDouble.c,2121 :: 		
0x0568	0xF002EFBF  	GOTO        INT3216UEER
;__Lib_MathDouble.c,2123 :: 		
JPKSETIOV3224:
;__Lib_MathDouble.c,2124 :: 		
0x056C	0x0E01      	MOVLW       1
;__Lib_MathDouble.c,2125 :: 		
0x056E	0x6E0C      	MOVWF       R12, 0
;__Lib_MathDouble.c,2127 :: 		
0x0570	0xDE1F      	RCALL       _SETIOV3224
;__Lib_MathDouble.c,2129 :: 		
0x0572	0xF002EFC1  	GOTO        INT3216UEEE
;__Lib_MathDouble.c,2130 :: 		
INT3216UEOK:
;__Lib_MathDouble.c,2131 :: 		
0x0576	0x0E00      	MOVLW       0
;__Lib_MathDouble.c,2132 :: 		
0x0578	0x6E0C      	MOVWF       R12, 0
;__Lib_MathDouble.c,2133 :: 		
0x057A	0xF002EFC1  	GOTO        INT3216UEEE
;__Lib_MathDouble.c,2134 :: 		
INT3216UEER:
;__Lib_MathDouble.c,2135 :: 		
0x057E	0x0EFF      	MOVLW       255
;__Lib_MathDouble.c,2136 :: 		
0x0580	0x6E0C      	MOVWF       R12, 0
;__Lib_MathDouble.c,2137 :: 		
INT3216UEEE:
;__Lib_MathDouble.c,2138 :: 		
0x0582	0x5001      	MOVF        R1, 0, 0
;__Lib_MathDouble.c,2139 :: 		
0x0584	0x6E00      	MOVWF       R0, 0
;__Lib_MathDouble.c,2140 :: 		
0x0586	0x5002      	MOVF        R2, 0, 0
;__Lib_MathDouble.c,2141 :: 		
0x0588	0x6E01      	MOVWF       R1, 0
;__Lib_MathDouble.c,2146 :: 		
L_end_double2word:
0x058A	0x0012      	RETURN      0
; end of _double2word
_word2double:
;__Lib_MathDouble.c,2335 :: 		
;__Lib_MathDouble.c,2344 :: 		
0x058C	0x5000      	MOVF        R0, 0, 0
;__Lib_MathDouble.c,2345 :: 		
0x058E	0x6E08      	MOVWF       R8, 0
;__Lib_MathDouble.c,2346 :: 		
0x0590	0x5001      	MOVF        R1, 0, 0
;__Lib_MathDouble.c,2347 :: 		
0x0592	0x6E00      	MOVWF       R0, 0
;__Lib_MathDouble.c,2348 :: 		
0x0594	0x6A01      	CLRF        R1, 0
;__Lib_MathDouble.c,2349 :: 		
0x0596	0x6A02      	CLRF        R2, 0
;__Lib_MathDouble.c,2350 :: 		
0x0598	0x6A03      	CLRF        R3, 0
;__Lib_MathDouble.c,2353 :: 		
0x059A	0x6A0B      	CLRF        R11, 0
;__Lib_MathDouble.c,2354 :: 		
0x059C	0x6A0C      	CLRF        R12, 0
;__Lib_MathDouble.c,2356 :: 		
0x059E	0x0E96      	MOVLW       150
;__Lib_MathDouble.c,2357 :: 		
0x05A0	0x6E03      	MOVWF       R3, 0
;__Lib_MathDouble.c,2358 :: 		
0x05A2	0x6A0A      	CLRF        R10, 0
;__Lib_MathDouble.c,2360 :: 		
0x05A4	0xF001C000  	MOVFF       R0, R1
;__Lib_MathDouble.c,2361 :: 		
0x05A8	0xF000C008  	MOVFF       R8, R0
;__Lib_MathDouble.c,2362 :: 		
0x05AC	0x6A08      	CLRF        R8, 0
;__Lib_MathDouble.c,2363 :: 		
0x05AE	0x6A02      	CLRF        R2, 0
;__Lib_MathDouble.c,2365 :: 		
0x05B0	0xDDB5      	RCALL       _NRM3232
;__Lib_MathDouble.c,2366 :: 		
L_end_word2double:
0x05B2	0x0012      	RETURN      0
; end of _word2double
_Mul_32x32_FP:
;__Lib_MathDouble.c,1130 :: 		
;__Lib_MathDouble.c,1148 :: 		
0x05B4	0x6A08      	CLRF        R8, 0
;__Lib_MathDouble.c,1149 :: 		
0x05B6	0x6A09      	CLRF        R9, 0
;__Lib_MathDouble.c,1151 :: 		
0x05B8	0x0E00      	MOVLW       0
;__Lib_MathDouble.c,1152 :: 		
0x05BA	0x6207      	CPFSEQ      R7, 0
;__Lib_MathDouble.c,1153 :: 		
0x05BC	0x6403      	CPFSGT      R3, 0
;__Lib_MathDouble.c,1154 :: 		
0x05BE	0xF003EF5F  	GOTO        MULJPRES032
;__Lib_MathDouble.c,1157 :: 		
0x05C2	0x5002      	MOVF        R2, 0, 0
;__Lib_MathDouble.c,1158 :: 		
0x05C4	0x1806      	XORWF       R6, 0, 0
;__Lib_MathDouble.c,1159 :: 		
0x05C6	0x6E0A      	MOVWF       R10, 0
;__Lib_MathDouble.c,1161 :: 		
0x05C8	0x5007      	MOVF        R7, 0, 0
;__Lib_MathDouble.c,1162 :: 		
0x05CA	0x2603      	ADDWF       R3, 1, 0
;__Lib_MathDouble.c,1163 :: 		
0x05CC	0x0E7E      	MOVLW       126
;__Lib_MathDouble.c,1164 :: 		
0x05CE	0xA0D8      	BTFSS       STATUS, 0, 0
;__Lib_MathDouble.c,1165 :: 		
0x05D0	0xF002EFF0  	GOTO        MTUN32
;__Lib_MathDouble.c,1167 :: 		
0x05D4	0x5E03      	SUBWF       R3, 1, 0
;__Lib_MathDouble.c,1168 :: 		
0x05D6	0xB0D8      	BTFSC       STATUS, 0, 0
;__Lib_MathDouble.c,1169 :: 		
0x05D8	0xF003EF63  	GOTO        MULJPSETFOV32
;__Lib_MathDouble.c,1170 :: 		
0x05DC	0xF002EFF4  	GOTO        MOK32
;__Lib_MathDouble.c,1172 :: 		
MTUN32:
;__Lib_MathDouble.c,1173 :: 		
0x05E0	0x5E03      	SUBWF       R3, 1, 0
;__Lib_MathDouble.c,1174 :: 		
0x05E2	0xA0D8      	BTFSS       STATUS, 0, 0
;__Lib_MathDouble.c,1175 :: 		
0x05E4	0xF003EF67  	GOTO        MULJPSETFUN32
;__Lib_MathDouble.c,1177 :: 		
MOK32:
;__Lib_MathDouble.c,1178 :: 		
0x05E8	0x8E02      	BSF         R2, 7, 0
;__Lib_MathDouble.c,1179 :: 		
0x05EA	0x8E06      	BSF         R6, 7, 0
;__Lib_MathDouble.c,1181 :: 		
0x05EC	0xF00EC002  	MOVFF       R2, R14
;__Lib_MathDouble.c,1182 :: 		
0x05F0	0xF00BC001  	MOVFF       R1, R11
;__Lib_MathDouble.c,1183 :: 		
0x05F4	0xF00DC000  	MOVFF       R0, R13
;__Lib_MathDouble.c,1185 :: 		
0x05F8	0x5000      	MOVF        R0, 0, 0
;__Lib_MathDouble.c,1186 :: 		
0x05FA	0x0204      	MULWF       R4, 0
;__Lib_MathDouble.c,1187 :: 		
0x05FC	0xF00CCFF4  	MOVFF       PRODH, R12
;__Lib_MathDouble.c,1189 :: 		
0x0600	0x5001      	MOVF        R1, 0, 0
;__Lib_MathDouble.c,1190 :: 		
0x0602	0x0205      	MULWF       R5, 0
;__Lib_MathDouble.c,1191 :: 		
0x0604	0xF000CFF4  	MOVFF       PRODH, R0
;__Lib_MathDouble.c,1192 :: 		
0x0608	0xF008CFF3  	MOVFF       PRODL, R8
;__Lib_MathDouble.c,1194 :: 		
0x060C	0x0204      	MULWF       R4, 0
;__Lib_MathDouble.c,1195 :: 		
0x060E	0x50F3      	MOVF        PRODL, 0, 0
;__Lib_MathDouble.c,1196 :: 		
0x0610	0x260C      	ADDWF       R12, 1, 0
;__Lib_MathDouble.c,1197 :: 		
0x0612	0x50F4      	MOVF        PRODH, 0, 0
;__Lib_MathDouble.c,1198 :: 		
0x0614	0x2208      	ADDWFC      R8, 1, 0
;__Lib_MathDouble.c,1199 :: 		
0x0616	0x0E00      	MOVLW       0
;__Lib_MathDouble.c,1200 :: 		
0x0618	0x2200      	ADDWFC      R0, 1, 0
;__Lib_MathDouble.c,1202 :: 		
0x061A	0x500D      	MOVF        R13, 0, 0
;__Lib_MathDouble.c,1203 :: 		
0x061C	0x0205      	MULWF       R5, 0
;__Lib_MathDouble.c,1204 :: 		
0x061E	0x50F3      	MOVF        PRODL, 0, 0
;__Lib_MathDouble.c,1205 :: 		
0x0620	0x260C      	ADDWF       R12, 1, 0
;__Lib_MathDouble.c,1206 :: 		
0x0622	0x50F4      	MOVF        PRODH, 0, 0
;__Lib_MathDouble.c,1207 :: 		
0x0624	0x2208      	ADDWFC      R8, 1, 0
;__Lib_MathDouble.c,1208 :: 		
0x0626	0x0E00      	MOVLW       0
;__Lib_MathDouble.c,1209 :: 		
0x0628	0x2200      	ADDWFC      R0, 1, 0
;__Lib_MathDouble.c,1211 :: 		
0x062A	0x5002      	MOVF        R2, 0, 0
;__Lib_MathDouble.c,1212 :: 		
0x062C	0x0204      	MULWF       R4, 0
;__Lib_MathDouble.c,1213 :: 		
0x062E	0x50F3      	MOVF        PRODL, 0, 0
;__Lib_MathDouble.c,1214 :: 		
0x0630	0x2608      	ADDWF       R8, 1, 0
;__Lib_MathDouble.c,1215 :: 		
0x0632	0x50F4      	MOVF        PRODH, 0, 0
;__Lib_MathDouble.c,1216 :: 		
0x0634	0x2200      	ADDWFC      R0, 1, 0
;__Lib_MathDouble.c,1217 :: 		
0x0636	0x5002      	MOVF        R2, 0, 0
;__Lib_MathDouble.c,1218 :: 		
0x0638	0x0205      	MULWF       R5, 0
;__Lib_MathDouble.c,1219 :: 		
0x063A	0x6A01      	CLRF        R1, 0
;__Lib_MathDouble.c,1220 :: 		
0x063C	0x0E00      	MOVLW       0
;__Lib_MathDouble.c,1221 :: 		
0x063E	0x2201      	ADDWFC      R1, 1, 0
;__Lib_MathDouble.c,1222 :: 		
0x0640	0x50F3      	MOVF        PRODL, 0, 0
;__Lib_MathDouble.c,1223 :: 		
0x0642	0x2600      	ADDWF       R0, 1, 0
;__Lib_MathDouble.c,1224 :: 		
0x0644	0x50F4      	MOVF        PRODH, 0, 0
;__Lib_MathDouble.c,1225 :: 		
0x0646	0x2201      	ADDWFC      R1, 1, 0
;__Lib_MathDouble.c,1227 :: 		
0x0648	0x500D      	MOVF        R13, 0, 0
;__Lib_MathDouble.c,1228 :: 		
0x064A	0x0206      	MULWF       R6, 0
;__Lib_MathDouble.c,1229 :: 		
0x064C	0x50F3      	MOVF        PRODL, 0, 0
;__Lib_MathDouble.c,1230 :: 		
0x064E	0x2608      	ADDWF       R8, 1, 0
;__Lib_MathDouble.c,1231 :: 		
0x0650	0x50F4      	MOVF        PRODH, 0, 0
;__Lib_MathDouble.c,1232 :: 		
0x0652	0x2200      	ADDWFC      R0, 1, 0
;__Lib_MathDouble.c,1233 :: 		
0x0654	0x6A02      	CLRF        R2, 0
;__Lib_MathDouble.c,1234 :: 		
0x0656	0x0E00      	MOVLW       0
;__Lib_MathDouble.c,1235 :: 		
0x0658	0x2201      	ADDWFC      R1, 1, 0
;__Lib_MathDouble.c,1236 :: 		
0x065A	0x2202      	ADDWFC      R2, 1, 0
;__Lib_MathDouble.c,1238 :: 		
0x065C	0x500B      	MOVF        R11, 0, 0
;__Lib_MathDouble.c,1239 :: 		
0x065E	0x0206      	MULWF       R6, 0
;__Lib_MathDouble.c,1240 :: 		
0x0660	0x50F3      	MOVF        PRODL, 0, 0
;__Lib_MathDouble.c,1241 :: 		
0x0662	0x2600      	ADDWF       R0, 1, 0
;__Lib_MathDouble.c,1242 :: 		
0x0664	0x50F4      	MOVF        PRODH, 0, 0
;__Lib_MathDouble.c,1243 :: 		
0x0666	0x2201      	ADDWFC      R1, 1, 0
;__Lib_MathDouble.c,1244 :: 		
0x0668	0x0E00      	MOVLW       0
;__Lib_MathDouble.c,1245 :: 		
0x066A	0x2202      	ADDWFC      R2, 1, 0
;__Lib_MathDouble.c,1247 :: 		
0x066C	0x500E      	MOVF        R14, 0, 0
;__Lib_MathDouble.c,1248 :: 		
0x066E	0x0206      	MULWF       R6, 0
;__Lib_MathDouble.c,1249 :: 		
0x0670	0x50F3      	MOVF        PRODL, 0, 0
;__Lib_MathDouble.c,1250 :: 		
0x0672	0x2601      	ADDWF       R1, 1, 0
;__Lib_MathDouble.c,1251 :: 		
0x0674	0x50F4      	MOVF        PRODH, 0, 0
;__Lib_MathDouble.c,1252 :: 		
0x0676	0x2202      	ADDWFC      R2, 1, 0
;__Lib_MathDouble.c,1254 :: 		
0x0678	0xBE02      	BTFSC       R2, 7, 0
;__Lib_MathDouble.c,1255 :: 		
0x067A	0xF003EF47  	GOTO        MROUND32
;__Lib_MathDouble.c,1256 :: 		
0x067E	0x3608      	RLCF        R8, 1, 0
;__Lib_MathDouble.c,1257 :: 		
0x0680	0x3600      	RLCF        R0, 1, 0
;__Lib_MathDouble.c,1258 :: 		
0x0682	0x3601      	RLCF        R1, 1, 0
;__Lib_MathDouble.c,1259 :: 		
0x0684	0x3602      	RLCF        R2, 1, 0
;__Lib_MathDouble.c,1260 :: 		
0x0686	0x0603      	DECF        R3, 1, 0
;__Lib_MathDouble.c,1261 :: 		
0x0688	0xB4D8      	BTFSC       STATUS, 2, 0
;__Lib_MathDouble.c,1262 :: 		
0x068A	0xF003EF67  	GOTO        MULJPSETFUN32
;__Lib_MathDouble.c,1264 :: 		
MROUND32:
;__Lib_MathDouble.c,1267 :: 		
0x068E	0xF003EF5A  	GOTO        MUL32OK
;__Lib_MathDouble.c,1268 :: 		
0x0692	0x80D8      	BSF         STATUS, 0, 0
;__Lib_MathDouble.c,1269 :: 		
0x0694	0x0E80      	MOVLW       128
;__Lib_MathDouble.c,1270 :: 		
0x0696	0x6408      	CPFSGT      R8, 0
;__Lib_MathDouble.c,1271 :: 		
0x0698	0x3000      	RRCF        R0, 0, 0
;__Lib_MathDouble.c,1272 :: 		
0x069A	0x0E00      	MOVLW       0
;__Lib_MathDouble.c,1273 :: 		
0x069C	0x2200      	ADDWFC      R0, 1, 0
;__Lib_MathDouble.c,1274 :: 		
0x069E	0x2201      	ADDWFC      R1, 1, 0
;__Lib_MathDouble.c,1275 :: 		
0x06A0	0x2202      	ADDWFC      R2, 1, 0
;__Lib_MathDouble.c,1277 :: 		
0x06A2	0xA0D8      	BTFSS       STATUS, 0, 0
;__Lib_MathDouble.c,1278 :: 		
0x06A4	0xF003EF5A  	GOTO        MUL32OK
;__Lib_MathDouble.c,1279 :: 		
0x06A8	0x3202      	RRCF        R2, 1, 0
;__Lib_MathDouble.c,1280 :: 		
0x06AA	0x3201      	RRCF        R1, 1, 0
;__Lib_MathDouble.c,1281 :: 		
0x06AC	0x3200      	RRCF        R0, 1, 0
;__Lib_MathDouble.c,1282 :: 		
0x06AE	0x4A03      	INFSNZ      R3, 1, 0
;__Lib_MathDouble.c,1283 :: 		
0x06B0	0xF003EF63  	GOTO        MULJPSETFOV32
;__Lib_MathDouble.c,1285 :: 		
MUL32OK:
;__Lib_MathDouble.c,1286 :: 		
0x06B4	0xAE0A      	BTFSS       R10, 7, 0
;__Lib_MathDouble.c,1287 :: 		
0x06B6	0x9E02      	BCF         R2, 7, 0
;__Lib_MathDouble.c,1289 :: 		
0x06B8	0x0E00      	MOVLW       0
;__Lib_MathDouble.c,1290 :: 		
0x06BA	0xF003EF69  	GOTO        MULEEE
;__Lib_MathDouble.c,1291 :: 		
MULJPRES032:
;__Lib_MathDouble.c,1292 :: 		
0x06BE	0x0E01      	MOVLW       1
;__Lib_MathDouble.c,1295 :: 		
0x06C0	0xDCD5      	RCALL       _RES032
;__Lib_MathDouble.c,1297 :: 		
0x06C2	0xF003EF69  	GOTO        MULEEE
;__Lib_MathDouble.c,1298 :: 		
MULJPSETFOV32:
;__Lib_MathDouble.c,1299 :: 		
0x06C6	0x0E02      	MOVLW       2
;__Lib_MathDouble.c,1302 :: 		
0x06C8	0xDD9C      	RCALL       _SETFOV32
;__Lib_MathDouble.c,1304 :: 		
0x06CA	0xF003EF69  	GOTO        MULEEE
;__Lib_MathDouble.c,1305 :: 		
MULJPSETFUN32:
;__Lib_MathDouble.c,1306 :: 		
0x06CE	0x0E04      	MOVLW       4
;__Lib_MathDouble.c,1309 :: 		
0x06D0	0xDD12      	RCALL       _SETFUN32
;__Lib_MathDouble.c,1311 :: 		
MULEEE:
;__Lib_MathDouble.c,1318 :: 		
L_end_Mul_32x32_FP:
0x06D2	0x0012      	RETURN      0
; end of _Mul_32x32_FP
_ADC_Read:
;__Lib_ADC_A_D.c,35 :: 		
;__Lib_ADC_A_D.c,38 :: 		
0x06D4	0x6AC2      	CLRF        ADCON0 
;__Lib_ADC_A_D.c,39 :: 		
0x06D6	0x0E07      	MOVLW       7
0x06D8	0x12C0      	IORWF       ADCON2, 1 
;__Lib_ADC_A_D.c,40 :: 		
0x06DA	0x8EC0      	BSF         ADCON2, 7 
;__Lib_ADC_A_D.c,41 :: 		
0x06DC	0xF000C03B  	MOVFF       FARG_ADC_Read_channel, R0
0x06E0	0x3600      	RLCF        R0, 1 
0x06E2	0x9000      	BCF         R0, 0 
0x06E4	0x3600      	RLCF        R0, 1 
0x06E6	0x9000      	BCF         R0, 0 
0x06E8	0x5000      	MOVF        R0, 0 
0x06EA	0x12C2      	IORWF       ADCON0, 1 
;__Lib_ADC_A_D.c,42 :: 		
0x06EC	0x80C2      	BSF         ADCON0, 0 
;__Lib_ADC_A_D.c,43 :: 		
0x06EE	0xDD4F      	RCALL       _Delay_22us
;__Lib_ADC_A_D.c,44 :: 		
0x06F0	0x82C2      	BSF         ADCON0, 1 
;__Lib_ADC_A_D.c,45 :: 		
L_ADC_Read2:
0x06F2	0xA2C2      	BTFSS       ADCON0, 1 
0x06F4	0xD001      	BRA         L_ADC_Read3
;__Lib_ADC_A_D.c,46 :: 		
0x06F6	0xD7FD      	BRA         L_ADC_Read2
L_ADC_Read3:
;__Lib_ADC_A_D.c,47 :: 		
0x06F8	0xF001CFC4  	MOVFF       ADRESH, R1
0x06FC	0x6A00      	CLRF        R0 
;__Lib_ADC_A_D.c,48 :: 		
0x06FE	0x50C3      	MOVF        ADRESL, 0 
0x0700	0x1200      	IORWF       R0, 1 
0x0702	0x0E00      	MOVLW       0
0x0704	0x1201      	IORWF       R1, 1 
;__Lib_ADC_A_D.c,49 :: 		
0x0706	0x90C2      	BCF         ADCON0, 0 
;__Lib_ADC_A_D.c,51 :: 		
;__Lib_ADC_A_D.c,52 :: 		
L_end_ADC_Read:
0x0708	0x0012      	RETURN      0
; end of _ADC_Read
_PWM1_Init:
;__Lib_PWM_c21.c,36 :: 		
;__Lib_PWM_c21.c,37 :: 		
;__Lib_PWM_c21.c,38 :: 		
0x070A	0x6ABE      	CLRF        CCPR1L 
;__Lib_PWM_c21.c,39 :: 		
0x070C	0x98BD      	BCF         CCP1CON, 4 
;__Lib_PWM_c21.c,40 :: 		
0x070E	0x9ABD      	BCF         CCP1CON, 5 
;__Lib_PWM_c21.c,41 :: 		
L_end_PWM1_Init:
0x0710	0x0012      	RETURN      0
; end of _PWM1_Init
_PWM1_Set_Duty:
;__Lib_PWM_c21.c,43 :: 		
;__Lib_PWM_c21.c,47 :: 		
0x0712	0x50CB      	MOVF        PR2, 0 
0x0714	0x0F01      	ADDLW       1
0x0716	0x6E00      	MOVWF       R0 
0x0718	0x6A01      	CLRF        R1 
0x071A	0x0E00      	MOVLW       0
0x071C	0x2201      	ADDWFC      R1, 1 
0x071E	0xF004C03B  	MOVFF       FARG_PWM1_Set_Duty_new_duty, R4
0x0722	0x0E00      	MOVLW       0
0x0724	0x6E05      	MOVWF       R5 
0x0726	0xDD79      	RCALL       _Mul_16X16_U
0x0728	0x0E06      	MOVLW       6
0x072A	0x6E02      	MOVWF       R2 
0x072C	0xF004C000  	MOVFF       R0, R4
0x0730	0xF005C001  	MOVFF       R1, R5
0x0734	0x5002      	MOVF        R2, 0 
L__PWM1_Set_Duty10:
0x0736	0xE005      	BZ          L__PWM1_Set_Duty11
0x0738	0x3205      	RRCF        R5, 1 
0x073A	0x3204      	RRCF        R4, 1 
0x073C	0x9E05      	BCF         R5, 7 
0x073E	0x0FFF      	ADDLW       255
0x0740	0xD7FA      	BRA         L__PWM1_Set_Duty10
L__PWM1_Set_Duty11:
;__Lib_PWM_c21.c,48 :: 		
0x0742	0x0E04      	MOVLW       4
0x0744	0x6E01      	MOVWF       R1 
0x0746	0xF000C004  	MOVFF       R4, R0
0x074A	0x5001      	MOVF        R1, 0 
L__PWM1_Set_Duty12:
0x074C	0xE004      	BZ          L__PWM1_Set_Duty13
0x074E	0x3600      	RLCF        R0, 1 
0x0750	0x9000      	BCF         R0, 0 
0x0752	0x0FFF      	ADDLW       255
0x0754	0xD7FB      	BRA         L__PWM1_Set_Duty12
L__PWM1_Set_Duty13:
0x0756	0x0E30      	MOVLW       48
0x0758	0x1400      	ANDWF       R0, 0 
0x075A	0x6E03      	MOVWF       R3 
;__Lib_PWM_c21.c,49 :: 		
0x075C	0xF000C004  	MOVFF       R4, R0
0x0760	0xF001C005  	MOVFF       R5, R1
0x0764	0x3201      	RRCF        R1, 1 
0x0766	0x3200      	RRCF        R0, 1 
0x0768	0x9E01      	BCF         R1, 7 
0x076A	0x3201      	RRCF        R1, 1 
0x076C	0x3200      	RRCF        R0, 1 
0x076E	0x9E01      	BCF         R1, 7 
0x0770	0xFFBEC000  	MOVFF       R0, CCPR1L
;__Lib_PWM_c21.c,50 :: 		
0x0774	0x0E0F      	MOVLW       15
0x0776	0x16BD      	ANDWF       CCP1CON, 1 
;__Lib_PWM_c21.c,51 :: 		
0x0778	0x5003      	MOVF        R3, 0 
0x077A	0x12BD      	IORWF       CCP1CON, 1 
;__Lib_PWM_c21.c,52 :: 		
L_end_PWM1_Set_Duty:
0x077C	0x0012      	RETURN      0
; end of _PWM1_Set_Duty
_PWM1_Start:
;__Lib_PWM_c21.c,54 :: 		
;__Lib_PWM_c21.c,55 :: 		
0x077E	0x9494      	BCF         TRISC2_bit, BitPos(TRISC2_bit+0) 
;__Lib_PWM_c21.c,56 :: 		
0x0780	0x84CA      	BSF         T2CON, 2 
;__Lib_PWM_c21.c,57 :: 		
0x0782	0x0E0C      	MOVLW       12
0x0784	0x12BD      	IORWF       CCP1CON, 1 
;__Lib_PWM_c21.c,58 :: 		
L_end_PWM1_Start:
0x0786	0x0012      	RETURN      0
; end of _PWM1_Start
_main:
0x0788	0xF004ECAD  	CALL        2394, 0
;trabalho.c,81 :: 		void main(){
;trabalho.c,82 :: 		TRISB = 0;                        // Define PORTB como saida.
0x078C	0x6A93      	CLRF        TRISB 
;trabalho.c,83 :: 		TRISD = 0;                        // Define PORTD como saida.
0x078E	0x6A95      	CLRF        TRISD 
;trabalho.c,84 :: 		TRISC.RC0 = 1;                    // Define PORTC.RC0 como entrada.
0x0790	0x8094      	BSF         TRISC, 0 
;trabalho.c,85 :: 		TRISC.RC2 = 0;                    // Define PORTC.RC2 como saida.
0x0792	0x9494      	BCF         TRISC, 2 
;trabalho.c,86 :: 		TRISC.RC5 = 0;                    // Define PORTC.RC5 como saida.
0x0794	0x9A94      	BCF         TRISC, 5 
;trabalho.c,87 :: 		TRISC.RC1 = 0;                    // Define PORTC.RC1 como saida.
0x0796	0x9294      	BCF         TRISC, 1 
;trabalho.c,88 :: 		TRISB.RB3=1;                      // Define o PORTB.RB3 como saida.
0x0798	0x8693      	BSF         TRISB, 3 
;trabalho.c,89 :: 		TRISE = 0;                        // Define PORTE como saida.
0x079A	0x6A96      	CLRF        TRISE 
;trabalho.c,90 :: 		PORTB = 0;                        // Limpa PORTB.
0x079C	0x6A81      	CLRF        PORTB 
;trabalho.c,93 :: 		INTCON.GIEH = 1;   // Habilita as interrupções e a interrupção de alta prioridade.
0x079E	0x8EF2      	BSF         INTCON, 7 
;trabalho.c,94 :: 		INTCON.GIEL = 1;   // Habilita as interrupções e a interrupção de baixa prioridade
0x07A0	0x8CF2      	BSF         INTCON, 6 
;trabalho.c,95 :: 		RCON.IPEN = 1;     // Configura 2 niveis de interrupção.
0x07A2	0x8ED0      	BSF         RCON, 7 
;trabalho.c,98 :: 		INTCON.TMR0IF = 0;
0x07A4	0x94F2      	BCF         INTCON, 2 
;trabalho.c,99 :: 		INTCON2.TMR0IP = 1;
0x07A6	0x84F1      	BSF         INTCON2, 2 
;trabalho.c,100 :: 		INTCON.TMR0IE = 1;
0x07A8	0x8AF2      	BSF         INTCON, 5 
;trabalho.c,102 :: 		T0CON = 0B10000100; // Configura timer modo 16 bits, com prescaler
0x07AA	0x0E84      	MOVLW       132
0x07AC	0x6ED5      	MOVWF       T0CON 
;trabalho.c,103 :: 		TMR0L = 0X7B;       // Carrega valores de contagem
0x07AE	0x0E7B      	MOVLW       123
0x07B0	0x6ED6      	MOVWF       TMR0L 
;trabalho.c,104 :: 		TMR0H = 0XE1;       // Carrega valores de contagem
0x07B2	0x0EE1      	MOVLW       225
0x07B4	0x6ED7      	MOVWF       TMR0H 
;trabalho.c,105 :: 		INTCON.TMR0IF = 0;  // Apaga flag de estouro do TIMER0
0x07B6	0x94F2      	BCF         INTCON, 2 
;trabalho.c,108 :: 		T1CON = 0B10000011; // Liga TIMER1 como Contador em RC0, prescaler 1:1, modo 16bits.
0x07B8	0x0E83      	MOVLW       131
0x07BA	0x6ECD      	MOVWF       T1CON 
;trabalho.c,109 :: 		TMR1L = 0;          // Carrega valor de contagem baixa do TIMER1
0x07BC	0x6ACE      	CLRF        TMR1L 
;trabalho.c,110 :: 		TMR1H = 0;          // Carrega valor de contagem alta do TIMER1
0x07BE	0x6ACF      	CLRF        TMR1H 
;trabalho.c,111 :: 		PIR1.TMR1IF = 0;    // Apaga flag de estouro do TIMER1
0x07C0	0x909E      	BCF         PIR1, 0 
;trabalho.c,113 :: 		ADCON0 = 0b00000001;              // Configura conversor A/D Canal 0, conversão desligada, A/D ligado.
0x07C2	0x0E01      	MOVLW       1
0x07C4	0x6EC2      	MOVWF       ADCON0 
;trabalho.c,114 :: 		ADCON1 = 0b00001100;              // Configura todos canais como Digital menos AN0,AN1 E AN2 e REF Interna.
0x07C6	0x0E0C      	MOVLW       12
0x07C8	0x6EC1      	MOVWF       ADCON1 
;trabalho.c,115 :: 		ADCON2 = 0b10111110;              // Configura conversor A/D para resultado justificado a direita, clock de 20 TAD, clock de Fosc/64.
0x07CA	0x0EBE      	MOVLW       190
0x07CC	0x6EC0      	MOVWF       ADCON2 
;trabalho.c,118 :: 		Lcd_Init();                               // Inicializa LCD.
0x07CE	0xDD95      	RCALL       _Lcd_Init
;trabalho.c,120 :: 		Lcd_Cmd(_LCD_CLEAR);                      // Apaga display.
0x07D0	0x0E01      	MOVLW       1
0x07D2	0x6E43      	MOVWF       FARG_Lcd_Cmd_out_char 
0x07D4	0xDC52      	RCALL       _Lcd_Cmd
;trabalho.c,121 :: 		Lcd_Cmd(_LCD_CURSOR_OFF);                 // Desliga cursor.
0x07D6	0x0E0C      	MOVLW       12
0x07D8	0x6E43      	MOVWF       FARG_Lcd_Cmd_out_char 
0x07DA	0xDC4F      	RCALL       _Lcd_Cmd
;trabalho.c,122 :: 		Lcd_Out(1, 1, "Temp: ");            // Escreve mensagem no LCD.
0x07DC	0x0E01      	MOVLW       1
0x07DE	0x6E3B      	MOVWF       FARG_Lcd_Out_row 
0x07E0	0x0E01      	MOVLW       1
0x07E2	0x6E3C      	MOVWF       FARG_Lcd_Out_column 
0x07E4	0x0E25      	MOVLW       ?lstr1_trabalho
0x07E6	0x6E3D      	MOVWF       FARG_Lcd_Out_text 
0x07E8	0x0E00      	MOVLW       hi_addr(?lstr1_trabalho)
0x07EA	0x6E3E      	MOVWF       FARG_Lcd_Out_text+1 
0x07EC	0xDDEE      	RCALL       _Lcd_Out
;trabalho.c,123 :: 		Lcd_Out(2, 1, "Rot: ");            // Escreve mensagem no LCD.
0x07EE	0x0E02      	MOVLW       2
0x07F0	0x6E3B      	MOVWF       FARG_Lcd_Out_row 
0x07F2	0x0E01      	MOVLW       1
0x07F4	0x6E3C      	MOVWF       FARG_Lcd_Out_column 
0x07F6	0x0E1F      	MOVLW       ?lstr2_trabalho
0x07F8	0x6E3D      	MOVWF       FARG_Lcd_Out_text 
0x07FA	0x0E00      	MOVLW       hi_addr(?lstr2_trabalho)
0x07FC	0x6E3E      	MOVWF       FARG_Lcd_Out_text+1 
0x07FE	0xDDE5      	RCALL       _Lcd_Out
;trabalho.c,125 :: 		PWM1_Init(5000);                  // Inicializa módulo PWM com 5Khz
0x0800	0x80CA      	BSF         T2CON, 0, 0
0x0802	0x92CA      	BCF         T2CON, 1, 0
0x0804	0x0E63      	MOVLW       99
0x0806	0x6ECB      	MOVWF       PR2, 0
0x0808	0xDF80      	RCALL       _PWM1_Init
;trabalho.c,126 :: 		PWM1_Set_Duty(0);               // Seta o Duty-cycle do PWM em 100%.
0x080A	0x6A3B      	CLRF        FARG_PWM1_Set_Duty_new_duty 
0x080C	0xDF82      	RCALL       _PWM1_Set_Duty
;trabalho.c,127 :: 		PWM1_Start();                     // Inicia PWM.
0x080E	0xDFB7      	RCALL       _PWM1_Start
;trabalho.c,128 :: 		PORTC.RC5 = 1;                            // Liga resistencia de aquecimento.
0x0810	0x8A82      	BSF         PORTC, 5 
;trabalho.c,129 :: 		PORTC.RC1 = 1;
0x0812	0x8282      	BSF         PORTC, 1 
;trabalho.c,130 :: 		while(1){   // Aqui Definimos Uma Condição Sempre Verdadeira Como Parametro, Portanto Todo O Bloco Será Repetido Indefinidamente.
L_main1:
;trabalho.c,131 :: 		tempAD= ADC_Read(2);          // Lê Canal AD 2
0x0814	0x0E02      	MOVLW       2
0x0816	0x6E3B      	MOVWF       FARG_ADC_Read_channel 
0x0818	0xDF5D      	RCALL       _ADC_Read
0x081A	0xF02CC000  	MOVFF       R0, _tempAD
0x081E	0xF02DC001  	MOVFF       R1, _tempAD+1
;trabalho.c,132 :: 		tempAD/=2;                    // Converte valor do sensor LM35
0x0822	0xF02CC000  	MOVFF       R0, _tempAD
0x0826	0xF02DC001  	MOVFF       R1, _tempAD+1
0x082A	0x322D      	RRCF        _tempAD+1, 1 
0x082C	0x322C      	RRCF        _tempAD, 1 
0x082E	0x9E2D      	BCF         _tempAD+1, 7 
;trabalho.c,133 :: 		iLeituraAD= ADC_Read(0);          // Lê Canal AD 0
0x0830	0x6A3B      	CLRF        FARG_ADC_Read_channel 
0x0832	0xDF50      	RCALL       _ADC_Read
0x0834	0xF01DC000  	MOVFF       R0, _iLeituraAD
0x0838	0xF01EC001  	MOVFF       R1, _iLeituraAD+1
;trabalho.c,134 :: 		iLeituraAD=(iLeituraAD*0.24);     // Converte valor para o duty cycle [255/(1023 pontos do A/D)]
0x083C	0xDEA7      	RCALL       _word2double
0x083E	0x0E8F      	MOVLW       143
0x0840	0x6E04      	MOVWF       R4 
0x0842	0x0EC2      	MOVLW       194
0x0844	0x6E05      	MOVWF       R5 
0x0846	0x0E75      	MOVLW       117
0x0848	0x6E06      	MOVWF       R6 
0x084A	0x0E7C      	MOVLW       124
0x084C	0x6E07      	MOVWF       R7 
0x084E	0xDEB2      	RCALL       _Mul_32x32_FP
0x0850	0xDE30      	RCALL       _double2word
0x0852	0xF01DC000  	MOVFF       R0, _iLeituraAD
0x0856	0xF01EC001  	MOVFF       R1, _iLeituraAD+1
;trabalho.c,135 :: 		if (tempAD > 30) {
0x085A	0x0E00      	MOVLW       0
0x085C	0x6E00      	MOVWF       R0 
0x085E	0x502D      	MOVF        _tempAD+1, 0 
0x0860	0x5C00      	SUBWF       R0, 0 
0x0862	0xE102      	BNZ         L__main15
0x0864	0x502C      	MOVF        _tempAD, 0 
0x0866	0x081E      	SUBLW       30
L__main15:
0x0868	0xE209      	BC          L_main3
;trabalho.c,136 :: 		PWM1_Set_Duty(tempAD*4);        // Envia o valor lido de "iLeituraAD" para o módulo CCP1 PWM
0x086A	0xF03BC02C  	MOVFF       _tempAD, FARG_PWM1_Set_Duty_new_duty
0x086E	0x363B      	RLCF        FARG_PWM1_Set_Duty_new_duty, 1 
0x0870	0x903B      	BCF         FARG_PWM1_Set_Duty_new_duty, 0 
0x0872	0x363B      	RLCF        FARG_PWM1_Set_Duty_new_duty, 1 
0x0874	0x903B      	BCF         FARG_PWM1_Set_Duty_new_duty, 0 
0x0876	0xDF4D      	RCALL       _PWM1_Set_Duty
;trabalho.c,137 :: 		PORTC.RC1 = 0;
0x0878	0x9282      	BCF         PORTC, 1 
;trabalho.c,138 :: 		}
0x087A	0xD002      	BRA         L_main4
L_main3:
;trabalho.c,140 :: 		PWM1_Set_Duty(0);               // Seta o Duty-cycle do PWM em 100%.
0x087C	0x6A3B      	CLRF        FARG_PWM1_Set_Duty_new_duty 
0x087E	0xDF49      	RCALL       _PWM1_Set_Duty
;trabalho.c,141 :: 		}
L_main4:
;trabalho.c,143 :: 		if (Button(&PORTB, 3, 1, 1)){
0x0880	0x0E81      	MOVLW       PORTB
0x0882	0x6E3B      	MOVWF       FARG_Button_port 
0x0884	0x0E0F      	MOVLW       hi_addr(PORTB)
0x0886	0x6E3C      	MOVWF       FARG_Button_port+1 
0x0888	0x0E03      	MOVLW       3
0x088A	0x6E3D      	MOVWF       FARG_Button_pin 
0x088C	0x0E01      	MOVLW       1
0x088E	0x6E3E      	MOVWF       FARG_Button_time_ms 
0x0890	0x0E01      	MOVLW       1
0x0892	0x6E3F      	MOVWF       FARG_Button_active_state 
0x0894	0xDDD7      	RCALL       _Button
0x0896	0x5200      	MOVF        R0, 1 
0x0898	0xE004      	BZ          L_main5
;trabalho.c,144 :: 		check_btn1 = 1;
0x089A	0x0E01      	MOVLW       1
0x089C	0x6E1B      	MOVWF       _check_btn1 
0x089E	0x0E00      	MOVLW       0
0x08A0	0x6E1C      	MOVWF       _check_btn1+1 
;trabalho.c,145 :: 		}
L_main5:
;trabalho.c,146 :: 		if (check_btn1 && Button(&PORTB, 3, 1, 0)){
0x08A2	0x501B      	MOVF        _check_btn1, 0 
0x08A4	0x101C      	IORWF       _check_btn1+1, 0 
0x08A6	0xE00F      	BZ          L_main8
0x08A8	0x0E81      	MOVLW       PORTB
0x08AA	0x6E3B      	MOVWF       FARG_Button_port 
0x08AC	0x0E0F      	MOVLW       hi_addr(PORTB)
0x08AE	0x6E3C      	MOVWF       FARG_Button_port+1 
0x08B0	0x0E03      	MOVLW       3
0x08B2	0x6E3D      	MOVWF       FARG_Button_pin 
0x08B4	0x0E01      	MOVLW       1
0x08B6	0x6E3E      	MOVWF       FARG_Button_time_ms 
0x08B8	0x6A3F      	CLRF        FARG_Button_active_state 
0x08BA	0xDDC4      	RCALL       _Button
0x08BC	0x5200      	MOVF        R0, 1 
0x08BE	0xE003      	BZ          L_main8
L__main9:
;trabalho.c,147 :: 		PORTC.RC5 = ~PORTC.RC5;
0x08C0	0x7A82      	BTG         PORTC, 5 
;trabalho.c,148 :: 		check_btn1 = 0;
0x08C2	0x6A1B      	CLRF        _check_btn1 
0x08C4	0x6A1C      	CLRF        _check_btn1+1 
;trabalho.c,149 :: 		}
L_main8:
;trabalho.c,151 :: 		iLeituraAD=(iLeituraAD*0.41);     // Converte valor para o duty cycle em %
0x08C6	0xF000C01D  	MOVFF       _iLeituraAD, R0
0x08CA	0xF001C01E  	MOVFF       _iLeituraAD+1, R1
0x08CE	0xDE5E      	RCALL       _word2double
0x08D0	0x0E85      	MOVLW       133
0x08D2	0x6E04      	MOVWF       R4 
0x08D4	0x0EEB      	MOVLW       235
0x08D6	0x6E05      	MOVWF       R5 
0x08D8	0x0E51      	MOVLW       81
0x08DA	0x6E06      	MOVWF       R6 
0x08DC	0x0E7D      	MOVLW       125
0x08DE	0x6E07      	MOVWF       R7 
0x08E0	0xDE69      	RCALL       _Mul_32x32_FP
0x08E2	0xDDE7      	RCALL       _double2word
0x08E4	0xF01DC000  	MOVFF       R0, _iLeituraAD
0x08E8	0xF01EC001  	MOVFF       R1, _iLeituraAD+1
;trabalho.c,152 :: 		WordToStr(tempAD, ucTexto);   // Converte o valor lido no A/D em string
0x08EC	0xF03BC02C  	MOVFF       _tempAD, FARG_WordToStr_input
0x08F0	0xF03CC02D  	MOVFF       _tempAD+1, FARG_WordToStr_input+1
0x08F4	0x0E2E      	MOVLW       _ucTexto
0x08F6	0x6E3D      	MOVWF       FARG_WordToStr_output 
0x08F8	0x0E00      	MOVLW       hi_addr(_ucTexto)
0x08FA	0x6E3E      	MOVWF       FARG_WordToStr_output+1 
0x08FC	0xDCB6      	RCALL       _WordToStr
;trabalho.c,153 :: 		Lcd_Out(1,8,ucTexto);            // Imprime no LCD o valor da temperatura.
0x08FE	0x0E01      	MOVLW       1
0x0900	0x6E3B      	MOVWF       FARG_Lcd_Out_row 
0x0902	0x0E08      	MOVLW       8
0x0904	0x6E3C      	MOVWF       FARG_Lcd_Out_column 
0x0906	0x0E2E      	MOVLW       _ucTexto
0x0908	0x6E3D      	MOVWF       FARG_Lcd_Out_text 
0x090A	0x0E00      	MOVLW       hi_addr(_ucTexto)
0x090C	0x6E3E      	MOVWF       FARG_Lcd_Out_text+1 
0x090E	0xDD5D      	RCALL       _Lcd_Out
;trabalho.c,155 :: 		WordToStr(iReg_timer1, ucTexto);  // Converte o valor lido no iReg_timer1 em string
0x0910	0xF03BC038  	MOVFF       _iReg_timer1, FARG_WordToStr_input
0x0914	0xF03CC039  	MOVFF       _iReg_timer1+1, FARG_WordToStr_input+1
0x0918	0x0E2E      	MOVLW       _ucTexto
0x091A	0x6E3D      	MOVWF       FARG_WordToStr_output 
0x091C	0x0E00      	MOVLW       hi_addr(_ucTexto)
0x091E	0x6E3E      	MOVWF       FARG_WordToStr_output+1 
0x0920	0xDCA4      	RCALL       _WordToStr
;trabalho.c,156 :: 		Lcd_Out(2,5,ucTexto);             // Imprime no LCD o valor da RPM.
0x0922	0x0E02      	MOVLW       2
0x0924	0x6E3B      	MOVWF       FARG_Lcd_Out_row 
0x0926	0x0E05      	MOVLW       5
0x0928	0x6E3C      	MOVWF       FARG_Lcd_Out_column 
0x092A	0x0E2E      	MOVLW       _ucTexto
0x092C	0x6E3D      	MOVWF       FARG_Lcd_Out_text 
0x092E	0x0E00      	MOVLW       hi_addr(_ucTexto)
0x0930	0x6E3E      	MOVWF       FARG_Lcd_Out_text+1 
0x0932	0xDD4B      	RCALL       _Lcd_Out
;trabalho.c,157 :: 		Lcd_Out_CP(" RPM");               // Unidade "RPM".
0x0934	0x0E16      	MOVLW       ?lstr3_trabalho
0x0936	0x6E3B      	MOVWF       FARG_Lcd_Out_CP_text 
0x0938	0x0E00      	MOVLW       hi_addr(?lstr3_trabalho)
0x093A	0x6E3C      	MOVWF       FARG_Lcd_Out_CP_text+1 
0x093C	0xDD31      	RCALL       _Lcd_Out_CP
;trabalho.c,159 :: 		}
0x093E	0xD76A      	BRA         L_main1
;trabalho.c,160 :: 		}
L_end_main:
0x0940	0xD7FF      	BRA         $+0
; end of _main
0x095A	0xF016EE10  	LFSR        1, 22
0x095E	0x0E18      	MOVLW       24
0x0960	0x6E00      	MOVWF       R0 
0x0962	0x0E01      	MOVLW       1
0x0964	0x6E01      	MOVWF       R1 
0x0966	0x0E42      	MOVLW       66
0x0968	0x6EF6      	MOVWF       4086 
0x096A	0x0E09      	MOVLW       9
0x096C	0x6EF7      	MOVWF       TBLPTRH 
0x096E	0x0E00      	MOVLW       0
0x0970	0x6EF8      	MOVWF       TBLPTRU 
0x0972	0xF001ECC8  	CALL        912, 0
0x0976	0x0012      	RETURN      0
;trabalho.c,0 :: ?ICS?lstr3_trabalho
0x0942	0x5220 ;?ICS?lstr3_trabalho+0
0x0944	0x4D50 ;?ICS?lstr3_trabalho+2
0x0946	0x00 ;?ICS?lstr3_trabalho+4
; end of ?ICS?lstr3_trabalho
;trabalho.c,0 :: ?ICS_check_btn1
0x0947	0x0000 ;?ICS_check_btn1+0
; end of ?ICS_check_btn1
;trabalho.c,0 :: ?ICS_iLeituraAD
0x0949	0x0000 ;?ICS_iLeituraAD+0
; end of ?ICS_iLeituraAD
;trabalho.c,0 :: ?ICS?lstr2_trabalho
0x094B	0x6F52 ;?ICS?lstr2_trabalho+0
0x094D	0x3A74 ;?ICS?lstr2_trabalho+2
0x094F	0x0020 ;?ICS?lstr2_trabalho+4
; end of ?ICS?lstr2_trabalho
;trabalho.c,0 :: ?ICS?lstr1_trabalho
0x0951	0x6554 ;?ICS?lstr1_trabalho+0
0x0953	0x706D ;?ICS?lstr1_trabalho+2
0x0955	0x203A ;?ICS?lstr1_trabalho+4
0x0957	0x00 ;?ICS?lstr1_trabalho+6
; end of ?ICS?lstr1_trabalho
;trabalho.c,0 :: ?ICS_tempAD
0x0958	0x0000 ;?ICS_tempAD+0
; end of ?ICS_tempAD
Symbol List:
//** Routines locations **
//ADDRESS    SIZE    PROCEDURE
//----------------------------------------------
0x0008      [54]    _interrupt
0x003E      [22]    _Delay_5500us
0x0054      [10]    _Delay_50us
0x005E       [6]    _Delay_1us
0x0064       [8]    _FIXSIGN32
0x006C      [14]    _RES032
0x007A     [124]    _Lcd_Cmd
0x00F6      [26]    _SETFUN32
0x0110      [12]    _Lcd_Chr_CP
0x011C     [114]    _NRM3232
0x018E      [12]    _Delay_22us
0x019A      [22]    _Delay_500us
0x01B0      [28]    _SETIOV3224
0x01CC      [54]    _Div_16X16_U
0x0202      [24]    _SETFOV32
0x021A      [80]    _Mul_16X16_U
0x026A     [144]    _WordToStr
0x02FA     [150]    _Lcd_Init
0x0390      [16]    ___CC2DW
0x03A0      [42]    _Lcd_Out_CP
0x03CA     [122]    _Lcd_Out
0x0444     [110]    _Button
0x04B2     [218]    _double2word
0x058C      [40]    _word2double
0x05B4     [288]    _Mul_32x32_FP
0x06D4      [54]    _ADC_Read
0x070A       [8]    _PWM1_Init
0x0712     [108]    _PWM1_Set_Duty
0x077E      [10]    _PWM1_Start
0x0788     [442]    _main
//** Variables locations ** 
//ADDRESS    SIZE    VARIABLE
//----------------------------------------------
0x0000       [1]    R0
0x0001       [1]    R1
0x0002       [1]    R2
0x0002       [2]    memchr_s_L0
0x0002       [2]    strlen_cp_L0
0x0002       [2]    memcpy_dd_L0
0x0002       [2]    memset_pp_L0
0x0003       [1]    R3
0x0003       [2]    Ltrim_original_L0
0x0003       [2]    memmove_tt_L0
0x0004       [2]    strcat_cp_L0
0x0004       [2]    strcpy_cp_L0
0x0004       [2]    strncat_cp_L0
0x0004       [2]    strncpy_cp_L0
0x0004       [1]    R4
0x0004       [2]    memcpy_ss_L0
0x0005       [1]    R5
0x0005       [2]    LongWordToHex_input_half_L0
0x0005       [2]    memmove_ff_L0
0x0005       [2]    LongIntToHex_input_half_L0
0x0005       [2]    Ltrim_p_L0
0x0006       [1]    R6
0x0007       [1]    R7
0x0008       [1]    R8
0x0009       [1]    R9
0x000A       [1]    R10
0x000B       [1]    R11
0x000C       [1]    R12
0x000D       [1]    R13
0x000E       [1]    R14
0x000F       [1]    R15
0x0010       [1]    R16
0x0011       [1]    R17
0x0012       [1]    R18
0x0013       [1]    R19
0x0014       [1]    R20
0x0016       [5]    ?lstr3_trabalho
0x001B       [2]    _check_btn1
0x001D       [2]    _iLeituraAD
0x001F       [6]    ?lstr2_trabalho
0x0025       [7]    ?lstr1_trabalho
0x002C       [2]    _tempAD
0x002E      [10]    _ucTexto
0x0038       [2]    _iReg_timer1
0x003A       [0]    __Lib_Lcd_cmd_status
0x003B       [2]    FARG_Button_port
0x003B       [2]    FARG_WordToStr_input
0x003B       [1]    FARG_ADC_Read_channel
0x003B       [1]    FARG_Lcd_Out_row
0x003B       [1]    FARG_PWM1_Set_Duty_new_duty
0x003B       [2]    FARG_Lcd_Out_CP_text
0x003B       [4]    FARG_PWM1_Init_PWM_Freq
0x003C       [1]    FARG_Lcd_Out_column
0x003D       [2]    FARG_WordToStr_output
0x003D       [1]    FARG_Button_pin
0x003D       [2]    FARG_Lcd_Out_text
0x003D       [1]    Lcd_Out_CP_i_L0
0x003E       [1]    FARG_Button_time_ms
0x003F       [1]    FARG_Button_active_state
0x003F       [1]    WordToStr_len_L0
0x003F       [1]    Lcd_Out_i_L0
0x0040       [2]    FLOC__WordToStr
0x0040       [1]    Button_pMask_L0
0x0041       [1]    Button_rslt_L0
0x0042       [1]    FARG_Lcd_Chr_CP_out_char
0x0043       [1]    FARG_Lcd_Cmd_out_char
0x0F81       [1]    PORTB
0x0F82       [1]    PORTC
0x0F83       [0]    LCD_D4
0x0F83       [0]    LCD_D5
0x0F83       [0]    RD5_bit
0x0F83       [0]    RD4_bit
0x0F83       [0]    RD7_bit
0x0F83       [0]    RD6_bit
0x0F83       [0]    LCD_D6
0x0F83       [0]    LCD_D7
0x0F84       [0]    RE2_bit
0x0F84       [0]    RE1_bit
0x0F84       [0]    LCD_RS
0x0F84       [0]    LCD_EN
0x0F93       [1]    TRISB
0x0F94       [1]    TRISC
0x0F94       [0]    TRISC2_bit
0x0F95       [0]    TRISD4_bit
0x0F95       [0]    TRISD6_bit
0x0F95       [1]    TRISD
0x0F95       [0]    LCD_D7_Direction
0x0F95       [0]    TRISD5_bit
0x0F95       [0]    LCD_D5_Direction
0x0F95       [0]    LCD_D4_Direction
0x0F95       [0]    TRISD7_bit
0x0F95       [0]    LCD_D6_Direction
0x0F96       [0]    LCD_RS_Direction
0x0F96       [0]    LCD_EN_Direction
0x0F96       [0]    TRISE1_bit
0x0F96       [0]    TRISE2_bit
0x0F96       [1]    TRISE
0x0F9E       [1]    PIR1
0x0FBD       [1]    CCP1CON
0x0FBE       [1]    CCPR1L
0x0FC0       [1]    ADCON2
0x0FC1       [1]    ADCON1
0x0FC2       [1]    ADCON0
0x0FC3       [1]    ADRESL
0x0FC4       [1]    ADRESH
0x0FCA       [1]    T2CON
0x0FCB       [1]    PR2
0x0FCD       [1]    T1CON
0x0FCE       [1]    TMR1L
0x0FCF       [1]    TMR1H
0x0FD0       [1]    RCON
0x0FD5       [1]    T0CON
0x0FD6       [1]    TMR0L
0x0FD7       [1]    TMR0H
0x0FD8       [1]    STATUS
0x0FD9       [1]    FSR2L
0x0FDA       [1]    FSR2H
0x0FDE       [1]    POSTINC2
0x0FE0       [1]    BSR
0x0FE1       [1]    FSR1L
0x0FE2       [1]    FSR1H
0x0FE4       [1]    PREINC1
0x0FE6       [1]    POSTINC1
0x0FE7       [1]    INDF1
0x0FE8       [1]    WREG
0x0FE9       [1]    FSR0L
0x0FEA       [1]    FSR0H
0x0FEE       [1]    POSTINC0
0x0FF1       [1]    INTCON2
0x0FF2       [1]    INTCON
0x0FF3       [1]    PRODL
0x0FF4       [1]    PRODH
0x0FF5       [1]    TABLAT
0x0FF6       [1]    TBLPTRL
0x0FF7       [1]    TBLPTRH
0x0FF8       [1]    TBLPTRU
//** Constants locations ** 
//ADDRESS    SIZE    CONSTANT
//----------------------------------------------
0x0942       [5]    ?ICS?lstr3_trabalho
0x0947       [2]    ?ICS_check_btn1
0x0949       [2]    ?ICS_iLeituraAD
0x094B       [6]    ?ICS?lstr2_trabalho
0x0951       [7]    ?ICS?lstr1_trabalho
0x0958       [2]    ?ICS_tempAD
